2021-10-16 23:41:52 INFO     正在qianqian中搜索 ――> ad...
2021-10-16 23:41:52 INFO     正在kugou中搜索 ――> ad...
2021-10-16 23:41:52 INFO     正在joox中搜索 ――> ad...
2021-10-16 23:41:52 INFO     正在yiting中搜索 ――> ad...
2021-10-16 23:41:52 INFO     正在qq中搜索 ――> ad...
2021-10-16 23:41:52 INFO     正在kuwo中搜索 ――> ad...
2021-10-16 23:41:52 INFO     正在xiami中搜索 ――> ad...
2021-10-16 23:41:52 INFO     正在baiduFlac中搜索 ――> ad...
2021-10-16 23:41:52 INFO     正在netease中搜索 ――> ad...
2021-10-16 23:41:52 INFO     正在migu中搜索 ――> ad...
HTTPConnectionPool(host='musicapi.qianqian.com', port=80): Max retries exceeded with url: /v1/restserver/ting?query=ad&method=baidu.ting.search.common&format=json&page_no=1&page_size=5 (Caused by NewConnectionError('<urllib3.connection.HTTPConnection object at 0x000001883861F460>: Failed to establish a new connection: [WinError 10061] 由于目标计算机积极拒绝，无法连接。'))
2021-10-16 23:41:57 WARNING  无法在baiduFlac中搜索 ――> ad...
'_m_h5_tk'
2021-10-16 23:41:57 WARNING  无法在xiami中搜索 ――> ad...
2021-10-16 23:42:29 INFO     正在baiduFlac中搜索 ――> ai...
2021-10-16 23:42:29 INFO     正在qq中搜索 ――> ai...
2021-10-16 23:42:29 INFO     正在kuwo中搜索 ――> ai...
2021-10-16 23:42:29 INFO     正在yiting中搜索 ――> ai...
2021-10-16 23:42:29 INFO     正在netease中搜索 ――> ai...
2021-10-16 23:42:29 INFO     正在qianqian中搜索 ――> ai...
2021-10-16 23:42:29 INFO     正在xiami中搜索 ――> ai...
2021-10-16 23:42:29 INFO     正在migu中搜索 ――> ai...
2021-10-16 23:42:29 INFO     正在kugou中搜索 ――> ai...
2021-10-16 23:42:29 INFO     正在joox中搜索 ――> ai...
HTTPConnectionPool(host='musicapi.qianqian.com', port=80): Max retries exceeded with url: /v1/restserver/ting?query=ai&method=baidu.ting.search.common&format=json&page_no=1&page_size=5 (Caused by NewConnectionError('<urllib3.connection.HTTPConnection object at 0x0000018E12C72F40>: Failed to establish a new connection: [WinError 10061] 由于目标计算机积极拒绝，无法连接。'))
2021-10-16 23:42:34 WARNING  无法在baiduFlac中搜索 ――> ai...
'_m_h5_tk'
2021-10-16 23:42:34 WARNING  无法在xiami中搜索 ――> ai...
2021-10-16 23:45:13 INFO     正在baiduFlac中搜索 ――> ao...
2021-10-16 23:45:13 INFO     正在kugou中搜索 ――> ao...
2021-10-16 23:45:13 INFO     正在kuwo中搜索 ――> ao...
2021-10-16 23:45:13 INFO     正在qq中搜索 ――> ao...
2021-10-16 23:45:13 INFO     正在qianqian中搜索 ――> ao...
2021-10-16 23:45:13 INFO     正在netease中搜索 ――> ao...
2021-10-16 23:45:13 INFO     正在migu中搜索 ――> ao...
2021-10-16 23:45:13 INFO     正在xiami中搜索 ――> ao...
2021-10-16 23:45:13 INFO     正在joox中搜索 ――> ao...
2021-10-16 23:45:13 INFO     正在yiting中搜索 ――> ao...
HTTPConnectionPool(host='musicapi.qianqian.com', port=80): Max retries exceeded with url: /v1/restserver/ting?query=ao&method=baidu.ting.search.common&format=json&page_no=1&page_size=5 (Caused by NewConnectionError('<urllib3.connection.HTTPConnection object at 0x000002B58DBE66A0>: Failed to establish a new connection: [WinError 10061] 由于目标计算机积极拒绝，无法连接。'))
2021-10-16 23:45:17 WARNING  无法在baiduFlac中搜索 ――> ao...
'_m_h5_tk'
2021-10-16 23:45:17 WARNING  无法在xiami中搜索 ――> ao...
2021-10-16 23:54:45 INFO     正在qq中搜索 ――> ai...
2021-10-16 23:54:45 INFO     正在netease中搜索 ――> ai...
2021-10-16 23:57:31 INFO     正在qq中搜索 ――> ai...
2021-10-16 23:57:31 INFO     正在netease中搜索 ――> ai...
2021-10-16 23:59:04 INFO     正在qq中搜索 ――> ai...
2021-10-16 23:59:04 INFO     正在netease中搜索 ――> ai...
2021-10-17 00:08:33 INFO     正在qq中搜索 ――> ai...
2021-10-17 00:08:33 INFO     正在netease中搜索 ――> ai...
2021-10-17 00:10:33 INFO     正在qq中搜索 ――> ai...
2021-10-17 00:10:33 INFO     正在netease中搜索 ――> ai...
2021-10-17 00:15:08 INFO     正在qq中搜索 ――> ai...
2021-10-17 00:15:08 INFO     正在netease中搜索 ――> ai...
2021-10-17 00:54:34 INFO     正在qq中搜索 ――> AI...
2021-10-17 00:54:34 INFO     正在netease中搜索 ――> AI...
2021-10-17 00:57:51 INFO     正在qq中搜索 ――> AI...
2021-10-17 00:57:51 INFO     正在netease中搜索 ――> AI...
2021-10-17 01:01:36 INFO     正在qq中搜索 ――> ai...
2021-10-17 01:01:36 INFO     正在netease中搜索 ――> ai...
2021-10-17 01:04:24 INFO     正在qq中搜索 ――> ai...
2021-10-17 01:04:24 INFO     正在netease中搜索 ――> ai...
2021-10-17 01:04:42 INFO     正在从netease下载 ――> netease_AI...
2021-10-17 01:04:43 INFO     成功从netease下载到了 ――> netease_AI...
2021-10-17 01:05:14 INFO     正在从netease下载 ――> netease_最爱...
2021-10-17 01:05:14 INFO     成功从netease下载到了 ――> netease_最爱...
2021-10-17 01:05:14 INFO     正在从qq下载 ――> qq_小小...
2021-10-17 01:05:14 INFO     无法从qq下载 ――> qq_小小...
2021-10-17 01:05:14 INFO     正在从qq下载 ――> qq_爱...
2021-10-17 01:05:15 INFO     成功从qq下载到了 ――> qq_爱...
2021-10-17 01:05:27 INFO     正在从netease下载 ――> netease_错位时空...
2021-10-17 01:05:27 INFO     成功从netease下载到了 ――> netease_错位时空...
2021-10-17 01:05:27 INFO     正在从netease下载 ――> netease_爱，存在...
2021-10-17 01:05:27 INFO     成功从netease下载到了 ――> netease_爱，存在...
2021-10-17 01:05:27 INFO     正在从netease下载 ――> netease_最爱...
2021-10-17 01:05:27 INFO     成功从netease下载到了 ――> netease_最爱...
2021-10-17 01:05:27 INFO     正在从qq下载 ――> qq_小小...
2021-10-17 01:05:27 INFO     无法从qq下载 ――> qq_小小...
2021-10-17 01:05:27 INFO     正在从qq下载 ――> qq_爱...
2021-10-17 01:05:28 INFO     成功从qq下载到了 ――> qq_爱...
2021-10-17 01:05:28 INFO     正在从qq下载 ――> qq_一向...
2021-10-17 01:05:28 INFO     成功从qq下载到了 ――> qq_一向...
2021-10-17 01:08:33 INFO     正在qq中搜索 ――> ai...
2021-10-17 01:08:33 INFO     正在netease中搜索 ――> ai...
2021-10-17 01:10:09 INFO     正在从netease下载 ――> netease_AI...
2021-10-17 01:10:09 INFO     成功从netease下载到了 ――> netease_AI...
2021-10-17 01:10:09 INFO     正在从qq下载 ――> qq_爱...
2021-10-17 01:10:09 INFO     成功从qq下载到了 ――> qq_爱...
2021-10-17 01:10:09 INFO     正在从qq下载 ――> qq_爱...
2021-10-17 01:10:10 INFO     成功从qq下载到了 ――> qq_爱...
2021-10-17 01:10:10 INFO     正在从qq下载 ――> qq_爱...
2021-10-17 01:10:10 INFO     成功从qq下载到了 ――> qq_爱...
2021-10-17 01:10:10 INFO     正在从netease下载 ――> netease_AI...
2021-10-17 01:10:10 INFO     成功从netease下载到了 ――> netease_AI...
2021-10-17 01:10:10 INFO     正在从netease下载 ――> netease_AI...
2021-10-17 01:10:10 INFO     成功从netease下载到了 ――> netease_AI...
2021-10-17 01:10:10 INFO     正在从netease下载 ――> netease_AI...
2021-10-17 01:10:10 INFO     成功从netease下载到了 ――> netease_AI...
2021-10-17 01:10:10 INFO     正在从netease下载 ――> netease_错位时空...
2021-10-17 01:10:11 INFO     成功从netease下载到了 ――> netease_错位时空...
2021-10-17 01:10:11 INFO     正在从qq下载 ――> qq_小小...
2021-10-17 01:10:11 INFO     无法从qq下载 ――> qq_小小...
2021-10-17 01:10:11 INFO     正在从netease下载 ――> netease_最爱...
2021-10-17 01:10:11 INFO     成功从netease下载到了 ――> netease_最爱...
2021-10-17 01:10:11 INFO     正在从netease下载 ――> netease_以爱为囚...
2021-10-17 01:10:11 INFO     成功从netease下载到了 ――> netease_以爱为囚...
2021-10-17 01:10:11 INFO     正在从netease下载 ――> netease_最爱...
2021-10-17 01:10:11 INFO     成功从netease下载到了 ――> netease_最爱...
2021-10-17 01:10:11 INFO     正在从qq下载 ――> qq_小小...
2021-10-17 01:10:11 INFO     无法从qq下载 ――> qq_小小...
2021-10-17 01:10:11 INFO     正在从netease下载 ――> netease_错位时空...
2021-10-17 01:10:11 INFO     成功从netease下载到了 ――> netease_错位时空...
2021-10-17 01:10:11 INFO     正在从netease下载 ――> netease_AI...
2021-10-17 01:10:11 INFO     成功从netease下载到了 ――> netease_AI...
2021-10-17 01:10:11 INFO     正在从netease下载 ――> netease_AI...
2021-10-17 01:10:11 INFO     成功从netease下载到了 ――> netease_AI...
2021-10-17 01:10:11 INFO     正在从netease下载 ――> netease_AI...
2021-10-17 01:10:12 INFO     成功从netease下载到了 ――> netease_AI...
2021-10-17 01:10:12 INFO     正在从netease下载 ――> netease_以爱为囚...
2021-10-17 01:10:12 INFO     成功从netease下载到了 ――> netease_以爱为囚...
2021-10-17 01:10:12 INFO     正在从qq下载 ――> qq_小小...
2021-10-17 01:10:12 INFO     无法从qq下载 ――> qq_小小...
2021-10-17 01:10:12 INFO     正在从qq下载 ――> qq_AI...
2021-10-17 01:10:12 INFO     成功从qq下载到了 ――> qq_AI...
2021-10-17 01:10:12 INFO     正在从netease下载 ――> netease_错位时空...
2021-10-17 01:10:12 INFO     成功从netease下载到了 ――> netease_错位时空...
2021-10-17 01:10:12 INFO     正在从qq下载 ――> qq_一向...
2021-10-17 01:10:12 INFO     成功从qq下载到了 ――> qq_一向...
2021-10-17 01:10:12 INFO     正在从qq下载 ――> qq_一向...
2021-10-17 01:10:13 INFO     成功从qq下载到了 ――> qq_一向...
2021-10-17 01:10:13 INFO     正在从qq下载 ――> qq_AI...
2021-10-17 01:10:13 INFO     成功从qq下载到了 ――> qq_AI...
2021-10-17 01:10:13 INFO     正在从netease下载 ――> netease_AI...
2021-10-17 01:10:13 INFO     成功从netease下载到了 ――> netease_AI...
2021-10-17 01:10:13 INFO     正在从netease下载 ――> netease_AI...
2021-10-17 01:10:13 INFO     成功从netease下载到了 ――> netease_AI...
2021-10-17 01:10:13 INFO     正在从netease下载 ――> netease_AI...
2021-10-17 01:10:13 INFO     成功从netease下载到了 ――> netease_AI...
2021-10-17 01:10:13 INFO     正在从netease下载 ――> netease_爱，存在...
2021-10-17 01:10:13 INFO     成功从netease下载到了 ――> netease_爱，存在...
2021-10-17 01:10:13 INFO     正在从netease下载 ――> netease_错位时空...
2021-10-17 01:10:13 INFO     成功从netease下载到了 ――> netease_错位时空...
2021-10-17 01:10:13 INFO     正在从netease下载 ――> netease_爱，存在...
2021-10-17 01:10:14 INFO     成功从netease下载到了 ――> netease_爱，存在...
2021-10-17 01:10:14 INFO     正在从netease下载 ――> netease_爱，存在...
2021-10-17 01:10:14 INFO     成功从netease下载到了 ――> netease_爱，存在...
2021-10-17 01:10:14 INFO     正在从netease下载 ――> netease_以爱为囚...
2021-10-17 01:10:14 INFO     成功从netease下载到了 ――> netease_以爱为囚...
2021-10-17 01:10:14 INFO     正在从netease下载 ――> netease_AI...
2021-10-17 01:10:14 INFO     成功从netease下载到了 ――> netease_AI...
2021-10-17 01:10:14 INFO     正在从qq下载 ――> qq_一向...
2021-10-17 01:10:14 INFO     成功从qq下载到了 ――> qq_一向...
2021-10-17 01:10:14 INFO     正在从qq下载 ――> qq_爱...
2021-10-17 01:10:14 INFO     无法从qq下载 ――> qq_爱...
2021-10-17 01:10:14 INFO     正在从netease下载 ――> netease_AI...
2021-10-17 01:10:15 INFO     成功从netease下载到了 ――> netease_AI...
2021-10-17 01:10:15 INFO     正在从netease下载 ――> netease_AI...
2021-10-17 01:10:15 INFO     成功从netease下载到了 ――> netease_AI...
2021-10-17 01:10:15 INFO     正在从netease下载 ――> netease_AI...
2021-10-17 01:10:15 INFO     成功从netease下载到了 ――> netease_AI...
2021-10-17 01:10:15 INFO     正在从netease下载 ――> netease_最爱...
2021-10-17 01:10:15 INFO     成功从netease下载到了 ――> netease_最爱...
2021-10-17 01:10:15 INFO     正在从netease下载 ――> netease_最爱...
2021-10-17 01:10:15 INFO     成功从netease下载到了 ――> netease_最爱...
2021-10-17 01:10:15 INFO     正在从netease下载 ――> netease_错位时空...
2021-10-17 01:10:16 INFO     成功从netease下载到了 ――> netease_错位时空...
2021-10-17 01:10:16 INFO     正在从netease下载 ――> netease_最爱...
2021-10-17 01:10:16 INFO     成功从netease下载到了 ――> netease_最爱...
2021-10-17 01:10:16 INFO     正在从netease下载 ――> netease_以爱为囚...
2021-10-17 01:10:16 INFO     成功从netease下载到了 ――> netease_以爱为囚...
2021-10-17 01:10:16 INFO     正在从netease下载 ――> netease_AI...
2021-10-17 01:10:16 INFO     成功从netease下载到了 ――> netease_AI...
2021-10-17 01:10:16 INFO     正在从netease下载 ――> netease_以爱为囚...
2021-10-17 01:10:16 INFO     成功从netease下载到了 ――> netease_以爱为囚...
2021-10-17 01:10:16 INFO     正在从netease下载 ――> netease_错位时空...
2021-10-17 01:10:16 INFO     成功从netease下载到了 ――> netease_错位时空...
2021-10-17 01:10:16 INFO     正在从netease下载 ――> netease_AI...
2021-10-17 01:10:16 INFO     成功从netease下载到了 ――> netease_AI...
2021-10-17 01:10:16 INFO     正在从netease下载 ――> netease_AI...
2021-10-17 01:10:16 INFO     成功从netease下载到了 ――> netease_AI...
2021-10-17 01:10:16 INFO     正在从netease下载 ――> netease_AI...
2021-10-17 01:10:16 INFO     成功从netease下载到了 ――> netease_AI...
2021-10-17 01:10:16 INFO     正在从netease下载 ――> netease_最爱...
2021-10-17 01:10:17 INFO     成功从netease下载到了 ――> netease_最爱...
2021-10-17 01:10:17 INFO     正在从netease下载 ――> netease_错位时空...
2021-10-17 01:10:17 INFO     成功从netease下载到了 ――> netease_错位时空...
2021-10-17 01:10:17 INFO     正在从qq下载 ――> qq_小小...
2021-10-17 01:10:17 INFO     无法从qq下载 ――> qq_小小...
2021-10-17 01:10:17 INFO     正在从qq下载 ――> qq_小小...
2021-10-17 01:10:17 INFO     无法从qq下载 ――> qq_小小...
2021-10-17 01:10:17 INFO     正在从netease下载 ――> netease_最爱...
2021-10-17 01:10:17 INFO     成功从netease下载到了 ――> netease_最爱...
2021-10-17 01:10:17 INFO     正在从netease下载 ――> netease_AI...
2021-10-17 01:10:17 INFO     成功从netease下载到了 ――> netease_AI...
2021-10-17 01:10:17 INFO     正在从netease下载 ――> netease_最爱...
2021-10-17 01:10:17 INFO     成功从netease下载到了 ――> netease_最爱...
2021-10-17 01:10:17 INFO     正在从netease下载 ――> netease_AI...
2021-10-17 01:10:17 INFO     成功从netease下载到了 ――> netease_AI...
2021-10-17 01:10:17 INFO     正在从netease下载 ――> netease_AI...
2021-10-17 01:10:17 INFO     成功从netease下载到了 ――> netease_AI...
2021-10-17 01:10:17 INFO     正在从netease下载 ――> netease_AI...
2021-10-17 01:10:18 INFO     成功从netease下载到了 ――> netease_AI...
2021-10-17 01:10:18 INFO     正在从netease下载 ――> netease_最爱...
2021-10-17 01:10:18 INFO     成功从netease下载到了 ――> netease_最爱...
2021-10-17 01:10:18 INFO     正在从netease下载 ――> netease_错位时空...
2021-10-17 01:10:18 INFO     成功从netease下载到了 ――> netease_错位时空...
2021-10-17 01:10:18 INFO     正在从netease下载 ――> netease_最爱...
2021-10-17 01:10:18 INFO     成功从netease下载到了 ――> netease_最爱...
2021-10-17 01:10:18 INFO     正在从qq下载 ――> qq_爱...
2021-10-17 01:10:18 INFO     成功从qq下载到了 ――> qq_爱...
2021-10-17 01:10:18 INFO     正在从netease下载 ――> netease_最爱...
2021-10-17 01:10:18 INFO     成功从netease下载到了 ――> netease_最爱...
2021-10-17 01:10:18 INFO     正在从netease下载 ――> netease_以爱为囚...
2021-10-17 01:10:19 INFO     成功从netease下载到了 ――> netease_以爱为囚...
2021-10-17 01:10:19 INFO     正在从netease下载 ――> netease_以爱为囚...
2021-10-17 01:10:19 INFO     成功从netease下载到了 ――> netease_以爱为囚...
2021-10-17 01:10:19 INFO     正在从netease下载 ――> netease_AI...
2021-10-17 01:10:19 INFO     成功从netease下载到了 ――> netease_AI...
2021-10-17 01:10:19 INFO     正在从netease下载 ――> netease_AI...
2021-10-17 01:10:19 INFO     成功从netease下载到了 ――> netease_AI...
2021-10-17 01:10:19 INFO     正在从netease下载 ――> netease_AI...
2021-10-17 01:10:19 INFO     成功从netease下载到了 ――> netease_AI...
2021-10-17 01:10:19 INFO     正在从netease下载 ――> netease_最爱...
2021-10-17 01:10:19 INFO     成功从netease下载到了 ――> netease_最爱...
2021-10-17 01:10:19 INFO     正在从netease下载 ――> netease_错位时空...
2021-10-17 01:10:19 INFO     成功从netease下载到了 ――> netease_错位时空...
2021-10-17 01:10:19 INFO     正在从qq下载 ――> qq_爱...
2021-10-17 01:10:19 INFO     无法从qq下载 ――> qq_爱...
2021-10-17 01:10:19 INFO     正在从qq下载 ――> qq_AI...
2021-10-17 01:10:20 INFO     成功从qq下载到了 ――> qq_AI...
2021-10-17 01:10:20 INFO     正在从qq下载 ――> qq_AI...
2021-10-17 01:10:20 INFO     成功从qq下载到了 ――> qq_AI...
2021-10-17 01:10:20 INFO     正在从qq下载 ――> qq_爱...
2021-10-17 01:10:20 INFO     无法从qq下载 ――> qq_爱...
2021-10-17 01:10:20 INFO     正在从netease下载 ――> netease_以爱为囚...
2021-10-17 01:10:20 INFO     成功从netease下载到了 ――> netease_以爱为囚...
2021-10-17 01:10:20 INFO     正在从qq下载 ――> qq_一向...
2021-10-17 01:10:20 INFO     成功从qq下载到了 ――> qq_一向...
2021-10-17 01:10:20 INFO     正在从netease下载 ――> netease_爱，存在...
2021-10-17 01:10:20 INFO     成功从netease下载到了 ――> netease_爱，存在...
2021-10-17 01:10:20 INFO     正在从qq下载 ――> qq_爱...
2021-10-17 01:10:20 INFO     成功从qq下载到了 ――> qq_爱...
2021-10-17 01:10:20 INFO     正在从qq下载 ――> qq_AI...
2021-10-17 01:10:20 INFO     成功从qq下载到了 ――> qq_AI...
2021-10-17 01:10:20 INFO     正在从netease下载 ――> netease_AI...
2021-10-17 01:10:21 INFO     成功从netease下载到了 ――> netease_AI...
2021-10-17 01:10:21 INFO     正在从netease下载 ――> netease_AI...
2021-10-17 01:10:21 INFO     成功从netease下载到了 ――> netease_AI...
2021-10-17 01:10:21 INFO     正在从netease下载 ――> netease_AI...
2021-10-17 01:10:21 INFO     成功从netease下载到了 ――> netease_AI...
2021-10-17 01:10:21 INFO     正在从netease下载 ――> netease_最爱...
2021-10-17 01:10:21 INFO     成功从netease下载到了 ――> netease_最爱...
2021-10-17 01:10:21 INFO     正在从netease下载 ――> netease_AI...
2021-10-17 01:10:21 INFO     成功从netease下载到了 ――> netease_AI...
2021-10-17 01:10:21 INFO     正在从netease下载 ――> netease_以爱为囚...
2021-10-17 01:10:21 INFO     成功从netease下载到了 ――> netease_以爱为囚...
2021-10-17 01:10:21 INFO     正在从qq下载 ――> qq_AI...
2021-10-17 01:10:21 INFO     成功从qq下载到了 ――> qq_AI...
2021-10-17 01:10:21 INFO     正在从netease下载 ――> netease_爱，存在...
2021-10-17 01:10:21 INFO     成功从netease下载到了 ――> netease_爱，存在...
2021-10-17 01:10:21 INFO     正在从netease下载 ――> netease_AI...
2021-10-17 01:10:21 INFO     成功从netease下载到了 ――> netease_AI...
2021-10-17 01:10:21 INFO     正在从netease下载 ――> netease_错位时空...
2021-10-17 01:10:22 INFO     成功从netease下载到了 ――> netease_错位时空...
2021-10-17 01:10:22 INFO     正在从netease下载 ――> netease_AI...
2021-10-17 01:10:22 INFO     成功从netease下载到了 ――> netease_AI...
2021-10-17 01:10:22 INFO     正在从netease下载 ――> netease_AI...
2021-10-17 01:10:22 INFO     成功从netease下载到了 ――> netease_AI...
2021-10-17 01:10:22 INFO     正在从netease下载 ――> netease_AI...
2021-10-17 01:10:22 INFO     成功从netease下载到了 ――> netease_AI...
2021-10-17 01:10:22 INFO     正在从netease下载 ――> netease_爱，存在...
2021-10-17 01:10:22 INFO     成功从netease下载到了 ――> netease_爱，存在...
2021-10-17 01:10:22 INFO     正在从netease下载 ――> netease_以爱为囚...
2021-10-17 01:10:22 INFO     成功从netease下载到了 ――> netease_以爱为囚...
2021-10-17 01:10:22 INFO     正在从qq下载 ――> qq_AI...
2021-10-17 01:10:22 INFO     成功从qq下载到了 ――> qq_AI...
2021-10-17 01:10:22 INFO     正在从qq下载 ――> qq_爱...
2021-10-17 01:10:22 INFO     无法从qq下载 ――> qq_爱...
2021-10-17 01:10:22 INFO     正在从netease下载 ――> netease_爱，存在...
2021-10-17 01:10:22 INFO     成功从netease下载到了 ――> netease_爱，存在...
2021-10-17 01:10:22 INFO     正在从netease下载 ――> netease_AI...
2021-10-17 01:10:22 INFO     成功从netease下载到了 ――> netease_AI...
2021-10-17 01:10:22 INFO     正在从qq下载 ――> qq_爱...
2021-10-17 01:10:23 INFO     成功从qq下载到了 ――> qq_爱...
2021-10-17 01:10:23 INFO     正在从netease下载 ――> netease_AI...
2021-10-17 01:10:23 INFO     成功从netease下载到了 ――> netease_AI...
2021-10-17 01:10:23 INFO     正在从netease下载 ――> netease_AI...
2021-10-17 01:10:23 INFO     成功从netease下载到了 ――> netease_AI...
2021-10-17 01:10:23 INFO     正在从netease下载 ――> netease_AI...
2021-10-17 01:10:23 INFO     成功从netease下载到了 ――> netease_AI...
2021-10-17 01:10:23 INFO     正在从netease下载 ――> netease_爱，存在...
2021-10-17 01:10:23 INFO     成功从netease下载到了 ――> netease_爱，存在...
2021-10-17 01:10:23 INFO     正在从netease下载 ――> netease_错位时空...
2021-10-17 01:10:23 INFO     成功从netease下载到了 ――> netease_错位时空...
2021-10-17 01:10:23 INFO     正在从netease下载 ――> netease_AI...
2021-10-17 01:10:23 INFO     成功从netease下载到了 ――> netease_AI...
2021-10-17 01:11:14 INFO     正在qq中搜索 ――> ai...
2021-10-17 01:11:14 INFO     正在netease中搜索 ――> ai...
2021-10-17 01:11:32 INFO     正在从netease下载 ――> netease_爱就一个字...
2021-10-17 01:11:33 INFO     成功从netease下载到了 ――> netease_爱就一个字...
2021-10-17 01:11:33 INFO     正在从qq下载 ――> qq_小小...
2021-10-17 01:11:33 INFO     无法从qq下载 ――> qq_小小...
2021-10-17 01:11:33 INFO     正在从qq下载 ――> qq_一向...
2021-10-17 01:11:33 INFO     成功从qq下载到了 ――> qq_一向...
2021-10-17 01:12:54 INFO     正在qq中搜索 ――> ai...
2021-10-17 01:12:54 INFO     正在netease中搜索 ――> ai...
2021-10-17 01:13:17 INFO     正在从netease下载 ――> netease_以爱为囚...
2021-10-17 01:13:17 INFO     成功从netease下载到了 ――> netease_以爱为囚...
2021-10-17 01:13:17 INFO     正在从qq下载 ――> qq_爱...
2021-10-17 01:13:17 INFO     成功从qq下载到了 ――> qq_爱...
2021-10-17 01:14:01 INFO     正在qq中搜索 ――> ai...
2021-10-17 01:14:01 INFO     正在netease中搜索 ――> ai...
2021-10-17 01:14:17 INFO     正在qq中搜索 ――> ai...
2021-10-17 01:14:17 INFO     正在netease中搜索 ――> ai...
2021-10-17 01:14:31 INFO     正在从qq下载 ――> qq_小小...
2021-10-17 01:14:31 INFO     无法从qq下载 ――> qq_小小...
2021-10-17 01:14:31 INFO     正在从qq下载 ――> qq_一向...
2021-10-17 01:14:31 INFO     成功从qq下载到了 ――> qq_一向...
2021-10-17 01:15:17 INFO     正在qq中搜索 ――> ai...
2021-10-17 01:15:17 INFO     正在netease中搜索 ――> ai...
2021-10-17 01:17:15 INFO     正在从netease下载 ――> netease_爱就一个字...
2021-10-17 01:17:15 INFO     成功从netease下载到了 ――> netease_爱就一个字...
2021-10-17 01:17:15 INFO     正在从qq下载 ――> qq_小小...
2021-10-17 01:17:15 INFO     无法从qq下载 ――> qq_小小...
2021-10-17 01:19:25 INFO     正在从netease下载 ――> netease_AI...
2021-10-17 01:19:26 INFO     成功从netease下载到了 ――> netease_AI...
2021-10-17 01:19:26 INFO     正在从netease下载 ――> netease_以爱为囚...
2021-10-17 01:19:26 INFO     成功从netease下载到了 ――> netease_以爱为囚...
2021-10-17 01:19:26 INFO     正在从netease下载 ――> netease_别怕我伤心...
2021-10-17 01:19:26 INFO     成功从netease下载到了 ――> netease_别怕我伤心...
2021-10-17 01:19:50 INFO     正在qq中搜索 ――> 哎...
2021-10-17 01:19:50 INFO     正在netease中搜索 ――> 哎...
2021-10-17 01:20:08 INFO     正在从netease下载 ――> netease_一起吹过晚风的街――（女生版你要的版本）...
2021-10-17 01:20:09 INFO     成功从netease下载到了 ――> netease_一起吹过晚风的街――（女生版你要的版本）...
2021-10-17 01:20:09 INFO     正在从netease下载 ――> netease_哎呦喂...
2021-10-17 01:20:09 INFO     成功从netease下载到了 ――> netease_哎呦喂...
2021-10-17 01:22:46 INFO     正在qq中搜索 ――> 爱...
2021-10-17 01:22:46 INFO     正在netease中搜索 ――> 爱...
'NoneType' object is not subscriptable
2021-10-17 01:22:48 WARNING  无法在netease中搜索 ――> 爱...
2021-10-17 01:22:55 INFO     正在从qq下载 ――> qq_爱 (Live)...
2021-10-17 01:22:55 INFO     成功从qq下载到了 ――> qq_爱 (Live)...
2021-10-17 01:23:05 INFO     正在从qq下载 ――> qq_爱 (Live)...
2021-10-17 01:23:05 INFO     成功从qq下载到了 ――> qq_爱 (Live)...
2021-10-17 01:23:05 INFO     正在从qq下载 ――> qq_爱...
2021-10-17 01:23:05 INFO     无法从qq下载 ――> qq_爱...
2021-10-17 01:23:05 INFO     正在从qq下载 ――> qq_爱 (Live)...
2021-10-17 01:23:05 INFO     成功从qq下载到了 ――> qq_爱 (Live)...
2021-10-17 11:24:29 INFO     正在qq中搜索 ――> ai...
2021-10-17 11:24:29 INFO     正在netease中搜索 ――> ai...
2021-10-17 11:24:50 INFO     正在从netease下载 ――> netease_我很快乐...
2021-10-17 11:24:51 INFO     成功从netease下载到了 ――> netease_我很快乐...
2021-10-17 11:24:51 INFO     正在从netease下载 ――> netease_爱就一个字...
2021-10-17 11:24:51 INFO     成功从netease下载到了 ――> netease_爱就一个字...
2021-10-17 11:26:54 INFO     正在qq中搜索 ――> ai...
2021-10-17 11:26:54 INFO     正在netease中搜索 ――> ai...
2021-10-17 11:27:16 INFO     正在从netease下载 ――> netease_AI...
2021-10-17 11:27:16 INFO     成功从netease下载到了 ――> netease_AI...
2021-10-17 11:27:16 INFO     正在从netease下载 ――> netease_我很快乐...
2021-10-17 11:27:16 INFO     成功从netease下载到了 ――> netease_我很快乐...
2021-10-17 16:51:44 INFO     正在qq中搜索 ――> 张杰...
2021-10-17 16:51:44 INFO     正在netease中搜索 ――> 张杰...
2021-10-17 16:52:07 INFO     正在从netease下载 ――> netease_又到梧桐吐绿时...
2021-10-17 16:52:08 INFO     成功从netease下载到了 ――> netease_又到梧桐吐绿时...
2021-10-17 16:52:08 INFO     正在从netease下载 ――> netease_这，就是爱...
2021-10-17 16:52:08 INFO     成功从netease下载到了 ――> netease_这，就是爱...
2021-10-17 16:52:08 INFO     正在从netease下载 ――> netease_然后我们成了想成为的人...
2021-10-17 16:52:08 INFO     成功从netease下载到了 ――> netease_然后我们成了想成为的人...
2021-10-17 16:52:08 INFO     正在从netease下载 ――> netease_他不懂...
2021-10-17 16:52:08 INFO     成功从netease下载到了 ――> netease_他不懂...
2021-10-17 16:53:52 INFO     正在从netease下载 ――> netease_又到梧桐吐绿时...
2021-10-17 16:53:52 INFO     无法从netease下载 ――> netease_又到梧桐吐绿时...
2021-10-17 16:53:52 INFO     正在从netease下载 ――> netease_这，就是爱...
2021-10-17 16:53:53 INFO     成功从netease下载到了 ――> netease_这，就是爱...
2021-10-17 16:53:53 INFO     正在从netease下载 ――> netease_然后我们成了想成为的人...
2021-10-17 16:53:53 INFO     成功从netease下载到了 ――> netease_然后我们成了想成为的人...
2021-10-17 16:53:53 INFO     正在从netease下载 ――> netease_他不懂...
2021-10-17 16:53:53 INFO     无法从netease下载 ――> netease_他不懂...
2021-10-17 16:53:53 INFO     正在从qq下载 ――> qq_相守 (剧情版)...
2021-10-17 16:53:53 INFO     成功从qq下载到了 ――> qq_相守 (剧情版)...
2021-10-17 16:53:53 INFO     正在从qq下载 ――> qq_他不懂...
2021-10-17 16:53:53 INFO     无法从qq下载 ――> qq_他不懂...
2021-10-17 16:53:53 INFO     正在从qq下载 ――> qq_天下...
2021-10-17 16:53:53 INFO     无法从qq下载 ――> qq_天下...
2021-10-17 16:53:53 INFO     正在从qq下载 ――> qq_少年中国说...
2021-10-17 16:53:54 INFO     成功从qq下载到了 ――> qq_少年中国说...
2021-10-17 16:53:54 INFO     正在从qq下载 ――> qq_这就是爱...
2021-10-17 16:53:54 INFO     无法从qq下载 ――> qq_这就是爱...
2021-10-17 16:53:56 INFO     正在从netease下载 ――> netease_又到梧桐吐绿时...
2021-10-17 16:53:56 INFO     无法从netease下载 ――> netease_又到梧桐吐绿时...
2021-10-17 16:53:56 INFO     正在从netease下载 ――> netease_这，就是爱...
2021-10-17 16:53:57 INFO     成功从netease下载到了 ――> netease_这，就是爱...
2021-10-17 16:53:57 INFO     正在从netease下载 ――> netease_然后我们成了想成为的人...
2021-10-17 16:53:57 INFO     成功从netease下载到了 ――> netease_然后我们成了想成为的人...
2021-10-17 16:53:57 INFO     正在从netease下载 ――> netease_他不懂...
2021-10-17 16:53:57 INFO     无法从netease下载 ――> netease_他不懂...
2021-10-17 16:53:57 INFO     正在从qq下载 ――> qq_相守 (剧情版)...
2021-10-17 16:53:57 INFO     成功从qq下载到了 ――> qq_相守 (剧情版)...
2021-10-17 16:53:57 INFO     正在从qq下载 ――> qq_他不懂...
2021-10-17 16:53:57 INFO     无法从qq下载 ――> qq_他不懂...
2021-10-17 16:53:57 INFO     正在从qq下载 ――> qq_天下...
2021-10-17 16:53:57 INFO     无法从qq下载 ――> qq_天下...
2021-10-17 16:53:57 INFO     正在从qq下载 ――> qq_少年中国说...
2021-10-17 16:53:57 INFO     成功从qq下载到了 ――> qq_少年中国说...
2021-10-17 16:53:57 INFO     正在从qq下载 ――> qq_这就是爱...
2021-10-17 16:53:57 INFO     无法从qq下载 ――> qq_这就是爱...
2021-10-17 16:57:12 INFO     正在从netease下载 ――> netease_又到梧桐吐绿时...
2021-10-17 16:57:12 INFO     成功从netease下载到了 ――> netease_又到梧桐吐绿时...
2021-10-17 16:57:12 INFO     正在从netease下载 ――> netease_这，就是爱...
2021-10-17 16:57:13 INFO     成功从netease下载到了 ――> netease_这，就是爱...
2021-10-17 16:57:13 INFO     正在从netease下载 ――> netease_然后我们成了想成为的人...
2021-10-17 16:57:13 INFO     成功从netease下载到了 ――> netease_然后我们成了想成为的人...
