2021-10-13 16:10:30 INFO     正在baiduFlac中搜索 ——> Ed Sheeran ...
2021-10-13 16:10:30 INFO     正在kugou中搜索 ——> Ed Sheeran ...
2021-10-13 16:10:30 INFO     正在kuwo中搜索 ——> Ed Sheeran ...
2021-10-13 16:10:30 INFO     正在qq中搜索 ——> Ed Sheeran ...
2021-10-13 16:10:30 INFO     正在qianqian中搜索 ——> Ed Sheeran ...
2021-10-13 16:10:30 INFO     正在netease中搜索 ——> Ed Sheeran ...
2021-10-13 16:10:30 INFO     正在migu中搜索 ——> Ed Sheeran ...
2021-10-13 16:10:30 INFO     正在xiami中搜索 ——> Ed Sheeran ...
2021-10-13 16:10:30 INFO     正在joox中搜索 ——> Ed Sheeran ...
2021-10-13 16:10:30 INFO     正在yiting中搜索 ——> Ed Sheeran ...
'_m_h5_tk'
2021-10-13 16:10:32 WARNING  无法在xiami中搜索 ——> Ed Sheeran ...
Expecting value: line 1 column 1 (char 0)
2021-10-13 16:10:33 WARNING  无法在baiduFlac中搜索 ——> Ed Sheeran ...
Expecting value: line 1 column 1 (char 0)
2021-10-13 16:10:36 WARNING  无法在kuwo中搜索 ——> Ed Sheeran ...
2021-10-13 16:10:55 INFO     正在从qianqian下载 ——> qianqian_Lay It All On Me (feat. Ed Sheeran)...
2021-10-13 16:10:56 INFO     无法从qianqian下载 ——> qianqian_Lay It All On Me (feat. Ed Sheeran)...
2021-10-13 16:10:56 INFO     正在从yiting下载 ——> yiting_Ed Sheeran - I See Fire...
2021-10-13 16:10:57 INFO     成功从yiting下载到了 ——> yiting_Ed Sheeran - I See Fire...
2021-10-13 16:13:42 INFO     正在baiduFlac中搜索 ——> Ed Sheeran...
2021-10-13 16:13:42 INFO     正在kugou中搜索 ——> Ed Sheeran...
2021-10-13 16:13:42 INFO     正在kuwo中搜索 ——> Ed Sheeran...
2021-10-13 16:13:42 INFO     正在qq中搜索 ——> Ed Sheeran...
2021-10-13 16:13:42 INFO     正在qianqian中搜索 ——> Ed Sheeran...
2021-10-13 16:13:42 INFO     正在netease中搜索 ——> Ed Sheeran...
2021-10-13 16:13:42 INFO     正在xiami中搜索 ——> Ed Sheeran...
2021-10-13 16:13:42 INFO     正在joox中搜索 ——> Ed Sheeran...
2021-10-13 16:13:42 INFO     正在yiting中搜索 ——> Ed Sheeran...
2021-10-13 16:13:42 INFO     正在migu中搜索 ——> Ed Sheeran...
'_m_h5_tk'
2021-10-13 16:13:43 WARNING  无法在xiami中搜索 ——> Ed Sheeran...
Expecting value: line 1 column 1 (char 0)
2021-10-13 16:13:45 WARNING  无法在baiduFlac中搜索 ——> Ed Sheeran...
Expecting value: line 1 column 1 (char 0)
2021-10-13 16:13:46 WARNING  无法在kuwo中搜索 ——> Ed Sheeran...
2021-10-13 16:14:01 INFO     正在baiduFlac中搜索 ——> Ed Sheeran ...
2021-10-13 16:14:01 INFO     正在kugou中搜索 ——> Ed Sheeran ...
2021-10-13 16:14:01 INFO     正在kuwo中搜索 ——> Ed Sheeran ...
2021-10-13 16:14:01 INFO     正在qq中搜索 ——> Ed Sheeran ...
2021-10-13 16:14:01 INFO     正在qianqian中搜索 ——> Ed Sheeran ...
2021-10-13 16:14:01 INFO     正在netease中搜索 ——> Ed Sheeran ...
2021-10-13 16:14:01 INFO     正在migu中搜索 ——> Ed Sheeran ...
2021-10-13 16:14:01 INFO     正在xiami中搜索 ——> Ed Sheeran ...
2021-10-13 16:14:01 INFO     正在joox中搜索 ——> Ed Sheeran ...
2021-10-13 16:14:01 INFO     正在yiting中搜索 ——> Ed Sheeran ...
'_m_h5_tk'
2021-10-13 16:14:01 WARNING  无法在xiami中搜索 ——> Ed Sheeran ...
Expecting value: line 1 column 1 (char 0)
2021-10-13 16:14:04 WARNING  无法在baiduFlac中搜索 ——> Ed Sheeran ...
2021-10-13 16:14:56 INFO     正在从migu下载 ——> migu_Galway Girl...
2021-10-13 16:14:57 INFO     成功从migu下载到了 ——> migu_Galway Girl...
2021-10-13 16:14:57 INFO     正在从migu下载 ——> migu_Photograph...
2021-10-13 16:14:58 INFO     成功从migu下载到了 ——> migu_Photograph...
2021-10-13 16:14:58 INFO     正在从migu下载 ——> migu_Photograph (电影《遇见你之前》插曲)...
2021-10-13 16:15:00 INFO     成功从migu下载到了 ——> migu_Photograph (电影《遇见你之前》插曲)...
2021-10-13 16:15:00 INFO     正在从migu下载 ——> migu_Photograph (Felix Jaehn Remix)...
2021-10-13 16:15:08 INFO     成功从migu下载到了 ——> migu_Photograph (Felix Jaehn Remix)...
2021-10-13 16:15:08 INFO     正在从qianqian下载 ——> qianqian_Lay It All On Me (feat. Ed Sheeran)...
2021-10-13 16:15:10 INFO     无法从qianqian下载 ——> qianqian_Lay It All On Me (feat. Ed Sheeran)...
2021-10-13 16:15:10 INFO     正在从yiting下载 ——> yiting_Ed Sheeran - I See Fire...
2021-10-13 16:15:10 INFO     成功从yiting下载到了 ——> yiting_Ed Sheeran - I See Fire...
2021-10-13 16:15:10 INFO     正在从yiting下载 ——> yiting_I See Fire (performed by Ed Sheeran)...
2021-10-13 16:15:11 INFO     成功从yiting下载到了 ——> yiting_I See Fire (performed by Ed Sheeran)...
2021-10-13 16:15:11 INFO     正在从kugou下载 ——> kugou_Shape of You...
2021-10-13 16:15:11 INFO     无法从kugou下载 ——> kugou_Shape of You...
2021-10-13 16:15:11 INFO     正在从kugou下载 ——> kugou_Perfect...
2021-10-13 16:15:11 INFO     无法从kugou下载 ——> kugou_Perfect...
2021-10-13 16:15:11 INFO     正在从kugou下载 ——> kugou_Shape of You (Yxng Bane Remix)...
2021-10-13 16:15:11 INFO     无法从kugou下载 ——> kugou_Shape of You (Yxng Bane Remix)...
2021-10-13 16:15:11 INFO     正在从kugou下载 ——> kugou_Bad Habits...
2021-10-13 16:15:11 INFO     无法从kugou下载 ——> kugou_Bad Habits...
2021-10-13 16:15:11 INFO     正在从kugou下载 ——> kugou_Galway Girl...
2021-10-13 16:15:11 INFO     无法从kugou下载 ——> kugou_Galway Girl...
2021-10-13 16:15:11 INFO     正在从netease下载 ——> netease_Shivers (Ofenbach Remix)...
2021-10-13 16:15:11 INFO     成功从netease下载到了 ——> netease_Shivers (Ofenbach Remix)...
2021-10-13 16:15:11 INFO     正在从netease下载 ——> netease_Shivers (Alok Remix)...
2021-10-13 16:15:11 INFO     成功从netease下载到了 ——> netease_Shivers (Alok Remix)...
2021-10-13 16:15:11 INFO     正在从netease下载 ——> netease_Photograph...
2021-10-13 16:15:12 INFO     成功从netease下载到了 ——> netease_Photograph...
2021-10-13 16:15:12 INFO     正在从netease下载 ——> netease_Bad Habits...
2021-10-13 16:15:12 INFO     成功从netease下载到了 ——> netease_Bad Habits...
2021-10-13 16:15:12 INFO     正在从kuwo下载 ——> kuwo_Shivers...
2021-10-13 16:15:12 INFO     成功从kuwo下载到了 ——> kuwo_Shivers...
2021-10-13 16:15:12 INFO     正在从kuwo下载 ——> kuwo_Shivers...
2021-10-13 16:15:12 INFO     成功从kuwo下载到了 ——> kuwo_Shivers...
2021-10-13 16:15:12 INFO     正在从kuwo下载 ——> kuwo_Shape&nbsp;Of&nbsp;You&nbsp;(FTampa&nbsp;Remix)...
2021-10-13 16:15:12 INFO     成功从kuwo下载到了 ——> kuwo_Shape&nbsp;Of&nbsp;You&nbsp;(FTampa&nbsp;Remix)...
2021-10-13 16:15:12 INFO     正在从kuwo下载 ——> kuwo_Shivers...
2021-10-13 16:15:13 INFO     成功从kuwo下载到了 ——> kuwo_Shivers...
2021-10-13 16:15:13 INFO     正在从kuwo下载 ——> kuwo_Perfect...
2021-10-13 16:15:13 INFO     成功从kuwo下载到了 ——> kuwo_Perfect...
2021-10-13 16:15:13 INFO     正在从qq下载 ——> qq_Shape of You...
2021-10-13 16:15:13 INFO     无法从qq下载 ——> qq_Shape of You...
2021-10-13 16:15:13 INFO     正在从qq下载 ——> qq_Shivers (Alok Remix)...
2021-10-13 16:15:13 INFO     成功从qq下载到了 ——> qq_Shivers (Alok Remix)...
2021-10-13 16:15:13 INFO     正在从qq下载 ——> qq_Shivers (Ofenbach Remix)...
2021-10-13 16:15:13 INFO     成功从qq下载到了 ——> qq_Shivers (Ofenbach Remix)...
2021-10-13 16:15:13 INFO     正在从qq下载 ——> qq_Perfect...
2021-10-13 16:15:13 INFO     无法从qq下载 ——> qq_Perfect...
2021-10-13 16:15:13 INFO     正在从qq下载 ——> qq_Shivers...
2021-10-13 16:15:13 INFO     成功从qq下载到了 ——> qq_Shivers...
2021-10-13 16:15:13 INFO     正在从joox下载 ——> joox_Perfect...
2021-10-13 16:15:16 INFO     成功从joox下载到了 ——> joox_Perfect...
2021-10-13 16:15:16 INFO     正在从joox下载 ——> joox_Shape of You...
2021-10-13 16:15:19 INFO     成功从joox下载到了 ——> joox_Shape of You...
2021-10-13 16:15:19 INFO     正在从joox下载 ——> joox_Thinking out Loud...
2021-10-13 16:15:21 INFO     成功从joox下载到了 ——> joox_Thinking out Loud...
2021-10-13 16:15:21 INFO     正在从joox下载 ——> joox_Perfect Duet (with Beyoncé)...
2021-10-13 16:15:23 INFO     成功从joox下载到了 ——> joox_Perfect Duet (with Beyoncé)...
2021-10-14 21:24:44 INFO     正在baiduFlac中搜索 ——> ai ...
2021-10-14 21:24:46 INFO     正在kugou中搜索 ——> ai ...
HTTPConnectionPool(host='musicapi.qianqian.com', port=80): Max retries exceeded with url: /v1/restserver/ting?query=ai+&method=baidu.ting.search.common&format=json&page_no=1&page_size=5 (Caused by NewConnectionError('<urllib3.connection.HTTPConnection object at 0x7f6adcbc0130>: Failed to establish a new connection: [Errno 111] Connection refused'))
2021-10-14 21:24:46 WARNING  无法在baiduFlac中搜索 ——> ai ...
2021-10-14 21:24:59 INFO     正在kuwo中搜索 ——> ai ...
2021-10-14 21:29:09 INFO     正在qq中搜索 ——> ai ...
2021-10-14 21:29:09 INFO     正在qianqian中搜索 ——> ai ...
2021-10-14 21:29:09 INFO     正在netease中搜索 ——> ai ...
2021-10-14 21:29:09 INFO     正在migu中搜索 ——> ai ...
2021-10-14 21:29:09 INFO     正在xiami中搜索 ——> ai ...
2021-10-14 21:29:09 INFO     正在joox中搜索 ——> ai ...
2021-10-14 21:29:09 INFO     正在yiting中搜索 ——> ai ...
'_m_h5_tk'
2021-10-14 21:29:10 WARNING  无法在xiami中搜索 ——> ai ...
2021-10-14 21:29:22 INFO     正在kugou中搜索 ——> ai...
2021-10-14 21:29:22 INFO     正在baiduFlac中搜索 ——> ai...
2021-10-14 21:29:22 INFO     正在qq中搜索 ——> ai...
2021-10-14 21:29:22 INFO     正在kuwo中搜索 ——> ai...
2021-10-14 21:29:22 INFO     正在qianqian中搜索 ——> ai...
2021-10-14 21:29:22 INFO     正在netease中搜索 ——> ai...
2021-10-14 21:29:22 INFO     正在migu中搜索 ——> ai...
2021-10-14 21:29:22 INFO     正在xiami中搜索 ——> ai...
2021-10-14 21:29:22 INFO     正在joox中搜索 ——> ai...
2021-10-14 21:29:22 INFO     正在yiting中搜索 ——> ai...
HTTPConnectionPool(host='musicapi.qianqian.com', port=80): Max retries exceeded with url: /v1/restserver/ting?query=ai&method=baidu.ting.search.common&format=json&page_no=1&page_size=5 (Caused by NewConnectionError('<urllib3.connection.HTTPConnection object at 0x7fe7746bcd00>: Failed to establish a new connection: [Errno 111] Connection refused'))
2021-10-14 21:29:23 WARNING  无法在baiduFlac中搜索 ——> ai...
'_m_h5_tk'
2021-10-14 21:29:23 WARNING  无法在xiami中搜索 ——> ai...
