2021-10-20 14:39:16 INFO     正在从migu下载 ——> migu_Visiting Hours...
2021-10-20 14:39:48 INFO     正在从migu下载 ——> migu_Shivers...
2021-10-20 14:43:43 INFO     正在从yiting下载 ——> yiting_Ed Sheeran - I See Fire...
2021-10-20 14:45:29 INFO     正在baiduFlac中搜索 ——> Ed Sheeran...
2021-10-20 14:45:29 INFO     正在kugou中搜索 ——> Ed Sheeran...
2021-10-20 14:45:29 INFO     正在kuwo中搜索 ——> Ed Sheeran...
2021-10-20 14:45:29 INFO     正在qq中搜索 ——> Ed Sheeran...
2021-10-20 14:45:29 INFO     正在qianqian中搜索 ——> Ed Sheeran...
2021-10-20 14:45:29 INFO     正在netease中搜索 ——> Ed Sheeran...
2021-10-20 14:45:29 INFO     正在migu中搜索 ——> Ed Sheeran...
2021-10-20 14:45:29 INFO     正在xiami中搜索 ——> Ed Sheeran...
2021-10-20 14:45:29 INFO     正在joox中搜索 ——> Ed Sheeran...
2021-10-20 14:45:29 INFO     正在yiting中搜索 ——> Ed Sheeran...
'_m_h5_tk'
2021-10-20 14:45:30 WARNING  无法在xiami中搜索 ——> Ed Sheeran...
Expecting value: line 1 column 1 (char 0)
2021-10-20 14:45:37 WARNING  无法在baiduFlac中搜索 ——> Ed Sheeran...
2021-10-20 14:45:45 INFO     正在从yiting下载 ——> yiting_Ed Sheeran - I See Fire...
2021-10-20 14:45:47 INFO     成功从yiting下载到了 ——> yiting_Ed Sheeran - I See Fire...
2021-10-20 14:45:47 INFO     正在从qianqian下载 ——> qianqian_Lay It All On Me (feat. Ed Sheeran)...
2021-10-20 14:45:49 INFO     无法从qianqian下载 ——> qianqian_Lay It All On Me (feat. Ed Sheeran)...
2021-10-20 14:45:49 INFO     正在从yiting下载 ——> yiting_I See Fire (performed by Ed Sheeran)...
2021-10-20 14:45:50 INFO     成功从yiting下载到了 ——> yiting_I See Fire (performed by Ed Sheeran)...
2021-10-20 14:45:50 INFO     正在从qianqian下载 ——> qianqian_Lay It All On Me (feat. Ed Sheeran)...
2021-10-20 14:45:52 INFO     无法从qianqian下载 ——> qianqian_Lay It All On Me (feat. Ed Sheeran)...
2021-10-20 14:45:52 INFO     正在从qianqian下载 ——> qianqian_Lay It All On Me (feat. Ed Sheeran)...
2021-10-20 14:45:53 INFO     无法从qianqian下载 ——> qianqian_Lay It All On Me (feat. Ed Sheeran)...
2021-10-20 14:45:53 INFO     正在从kugou下载 ——> kugou_Galway Girl...
2021-10-20 14:45:54 INFO     无法从kugou下载 ——> kugou_Galway Girl...
2021-10-20 14:45:54 INFO     正在从kugou下载 ——> kugou_Bad Habits...
2021-10-20 14:45:54 INFO     无法从kugou下载 ——> kugou_Bad Habits...
2021-10-20 14:45:54 INFO     正在从yiting下载 ——> yiting_Ed Sheeran - I See Fire...
2021-10-20 14:45:56 INFO     成功从yiting下载到了 ——> yiting_Ed Sheeran - I See Fire...
2021-10-20 14:45:56 INFO     正在从yiting下载 ——> yiting_Ed Sheeran - I See Fire...
2021-10-20 14:45:57 INFO     成功从yiting下载到了 ——> yiting_Ed Sheeran - I See Fire...
2021-10-20 14:45:57 INFO     正在从yiting下载 ——> yiting_Ed Sheeran - I See Fire...
2021-10-20 14:45:59 INFO     成功从yiting下载到了 ——> yiting_Ed Sheeran - I See Fire...
2021-10-20 14:45:59 INFO     正在从kugou下载 ——> kugou_Perfect...
2021-10-20 14:45:59 INFO     无法从kugou下载 ——> kugou_Perfect...
2021-10-20 14:45:59 INFO     正在从yiting下载 ——> yiting_Ed Sheeran - I See Fire...
2021-10-20 14:46:00 INFO     成功从yiting下载到了 ——> yiting_Ed Sheeran - I See Fire...
2021-10-20 14:46:00 INFO     正在从kuwo下载 ——> kuwo_Shape&nbsp;Of&nbsp;You&nbsp;(FTampa&nbsp;Remix)...
2021-10-20 14:46:02 INFO     成功从kuwo下载到了 ——> kuwo_Shape&nbsp;Of&nbsp;You&nbsp;(FTampa&nbsp;Remix)...
2021-10-20 14:46:02 INFO     正在从kugou下载 ——> kugou_Shape of You...
2021-10-20 14:46:02 INFO     无法从kugou下载 ——> kugou_Shape of You...
2021-10-20 14:46:02 INFO     正在从kugou下载 ——> kugou_Shape of You...
2021-10-20 14:46:02 INFO     无法从kugou下载 ——> kugou_Shape of You...
2021-10-20 14:46:02 INFO     正在从kugou下载 ——> kugou_Perfect...
2021-10-20 14:46:02 INFO     无法从kugou下载 ——> kugou_Perfect...
2021-10-20 14:46:02 INFO     正在从kugou下载 ——> kugou_Bad Habits...
2021-10-20 14:46:02 INFO     无法从kugou下载 ——> kugou_Bad Habits...
2021-10-20 14:46:02 INFO     正在从yiting下载 ——> yiting_Ed Sheeran - I See Fire...
2021-10-20 14:46:03 INFO     成功从yiting下载到了 ——> yiting_Ed Sheeran - I See Fire...
2021-10-20 14:46:03 INFO     正在从yiting下载 ——> yiting_Ed Sheeran - I See Fire...
2021-10-20 14:46:04 INFO     成功从yiting下载到了 ——> yiting_Ed Sheeran - I See Fire...
2021-10-20 14:46:04 INFO     正在从yiting下载 ——> yiting_Ed Sheeran - I See Fire...
2021-10-20 14:46:05 INFO     成功从yiting下载到了 ——> yiting_Ed Sheeran - I See Fire...
2021-10-20 14:46:05 INFO     正在从kugou下载 ——> kugou_Shape of You...
2021-10-20 14:46:05 INFO     无法从kugou下载 ——> kugou_Shape of You...
2021-10-20 14:46:05 INFO     正在从kugou下载 ——> kugou_Perfect...
2021-10-20 14:46:05 INFO     无法从kugou下载 ——> kugou_Perfect...
2021-10-20 14:46:05 INFO     正在从kugou下载 ——> kugou_Shape of You...
2021-10-20 14:46:06 INFO     无法从kugou下载 ——> kugou_Shape of You...
2021-10-20 14:46:06 INFO     正在从kugou下载 ——> kugou_Galway Girl...
2021-10-20 14:46:06 INFO     无法从kugou下载 ——> kugou_Galway Girl...
2021-10-20 14:46:06 INFO     正在从qianqian下载 ——> qianqian_Lay It All On Me (feat. Ed Sheeran)...
2021-10-20 14:46:08 INFO     无法从qianqian下载 ——> qianqian_Lay It All On Me (feat. Ed Sheeran)...
2021-10-20 14:46:08 INFO     正在从kugou下载 ——> kugou_Shape of You (Yxng Bane Remix)...
2021-10-20 14:46:08 INFO     无法从kugou下载 ——> kugou_Shape of You (Yxng Bane Remix)...
2021-10-20 14:46:08 INFO     正在从yiting下载 ——> yiting_I See Fire (performed by Ed Sheeran)...
2021-10-20 14:46:09 INFO     成功从yiting下载到了 ——> yiting_I See Fire (performed by Ed Sheeran)...
2021-10-20 14:46:09 INFO     正在从yiting下载 ——> yiting_Ed Sheeran - I See Fire...
2021-10-20 14:46:10 INFO     成功从yiting下载到了 ——> yiting_Ed Sheeran - I See Fire...
2021-10-20 14:46:10 INFO     正在从yiting下载 ——> yiting_Ed Sheeran - I See Fire...
2021-10-20 14:46:11 INFO     成功从yiting下载到了 ——> yiting_Ed Sheeran - I See Fire...
2021-10-20 14:46:11 INFO     正在从yiting下载 ——> yiting_Ed Sheeran - I See Fire...
2021-10-20 14:46:13 INFO     成功从yiting下载到了 ——> yiting_Ed Sheeran - I See Fire...
2021-10-20 14:46:13 INFO     正在从qianqian下载 ——> qianqian_Lay It All On Me (feat. Ed Sheeran)...
2021-10-20 14:46:14 INFO     无法从qianqian下载 ——> qianqian_Lay It All On Me (feat. Ed Sheeran)...
2021-10-20 14:46:14 INFO     正在从kugou下载 ——> kugou_Perfect...
2021-10-20 14:46:14 INFO     无法从kugou下载 ——> kugou_Perfect...
2021-10-20 14:46:14 INFO     正在从yiting下载 ——> yiting_Ed Sheeran - I See Fire...
2021-10-20 14:46:15 INFO     成功从yiting下载到了 ——> yiting_Ed Sheeran - I See Fire...
2021-10-20 14:46:15 INFO     正在从kugou下载 ——> kugou_Perfect...
2021-10-20 14:46:15 INFO     无法从kugou下载 ——> kugou_Perfect...
2021-10-20 14:46:15 INFO     正在从kugou下载 ——> kugou_Galway Girl...
2021-10-20 14:46:15 INFO     无法从kugou下载 ——> kugou_Galway Girl...
2021-10-20 14:46:15 INFO     正在从yiting下载 ——> yiting_Ed Sheeran - I See Fire...
2021-10-20 14:46:16 INFO     成功从yiting下载到了 ——> yiting_Ed Sheeran - I See Fire...
2021-10-20 14:46:16 INFO     正在从qianqian下载 ——> qianqian_Lay It All On Me (feat. Ed Sheeran)...
2021-10-20 14:46:17 INFO     无法从qianqian下载 ——> qianqian_Lay It All On Me (feat. Ed Sheeran)...
2021-10-20 14:46:17 INFO     正在从yiting下载 ——> yiting_Ed Sheeran - I See Fire...
2021-10-20 14:46:18 INFO     成功从yiting下载到了 ——> yiting_Ed Sheeran - I See Fire...
2021-10-20 14:46:18 INFO     正在从yiting下载 ——> yiting_Ed Sheeran - I See Fire...
2021-10-20 14:46:20 INFO     成功从yiting下载到了 ——> yiting_Ed Sheeran - I See Fire...
2021-10-20 14:46:20 INFO     正在从yiting下载 ——> yiting_Ed Sheeran - I See Fire...
2021-10-20 14:46:21 INFO     成功从yiting下载到了 ——> yiting_Ed Sheeran - I See Fire...
2021-10-20 14:46:21 INFO     正在从kugou下载 ——> kugou_Galway Girl...
2021-10-20 14:46:21 INFO     无法从kugou下载 ——> kugou_Galway Girl...
2021-10-20 14:46:21 INFO     正在从qianqian下载 ——> qianqian_Lay It All On Me (feat. Ed Sheeran)...
2021-10-20 14:46:22 INFO     无法从qianqian下载 ——> qianqian_Lay It All On Me (feat. Ed Sheeran)...
2021-10-20 14:46:22 INFO     正在从kugou下载 ——> kugou_Shape of You...
2021-10-20 14:46:22 INFO     无法从kugou下载 ——> kugou_Shape of You...
2021-10-20 14:46:22 INFO     正在从kugou下载 ——> kugou_Shape of You (Yxng Bane Remix)...
2021-10-20 14:46:22 INFO     无法从kugou下载 ——> kugou_Shape of You (Yxng Bane Remix)...
2021-10-20 14:46:22 INFO     正在从kugou下载 ——> kugou_Shape of You...
2021-10-20 14:46:22 INFO     无法从kugou下载 ——> kugou_Shape of You...
2021-10-20 14:46:22 INFO     正在从yiting下载 ——> yiting_I See Fire (performed by Ed Sheeran)...
2021-10-20 14:46:23 INFO     成功从yiting下载到了 ——> yiting_I See Fire (performed by Ed Sheeran)...
2021-10-20 14:46:23 INFO     正在从qianqian下载 ——> qianqian_Lay It All On Me (feat. Ed Sheeran)...
2021-10-20 14:46:25 INFO     无法从qianqian下载 ——> qianqian_Lay It All On Me (feat. Ed Sheeran)...
2021-10-20 14:46:25 INFO     正在从yiting下载 ——> yiting_Ed Sheeran - I See Fire...
2021-10-20 14:46:26 INFO     成功从yiting下载到了 ——> yiting_Ed Sheeran - I See Fire...
2021-10-20 14:46:26 INFO     正在从yiting下载 ——> yiting_Ed Sheeran - I See Fire...
2021-10-20 14:46:27 INFO     成功从yiting下载到了 ——> yiting_Ed Sheeran - I See Fire...
2021-10-20 14:46:27 INFO     正在从yiting下载 ——> yiting_Ed Sheeran - I See Fire...
2021-10-20 14:46:29 INFO     成功从yiting下载到了 ——> yiting_Ed Sheeran - I See Fire...
2021-10-20 14:46:29 INFO     正在从kugou下载 ——> kugou_Shape of You...
2021-10-20 14:46:29 INFO     无法从kugou下载 ——> kugou_Shape of You...
2021-10-20 14:46:29 INFO     正在从qianqian下载 ——> qianqian_Lay It All On Me (feat. Ed Sheeran)...
2021-10-20 14:46:31 INFO     无法从qianqian下载 ——> qianqian_Lay It All On Me (feat. Ed Sheeran)...
2021-10-20 14:46:31 INFO     正在从kugou下载 ——> kugou_Galway Girl...
2021-10-20 14:46:31 INFO     无法从kugou下载 ——> kugou_Galway Girl...
2021-10-20 14:46:31 INFO     正在从kugou下载 ——> kugou_Bad Habits...
2021-10-20 14:46:31 INFO     无法从kugou下载 ——> kugou_Bad Habits...
2021-10-20 14:46:31 INFO     正在从kugou下载 ——> kugou_Shape of You...
2021-10-20 14:46:31 INFO     无法从kugou下载 ——> kugou_Shape of You...
2021-10-20 14:46:31 INFO     正在从kugou下载 ——> kugou_Perfect...
2021-10-20 14:46:32 INFO     无法从kugou下载 ——> kugou_Perfect...
2021-10-20 14:46:32 INFO     正在从kugou下载 ——> kugou_Shape of You...
2021-10-20 14:46:32 INFO     无法从kugou下载 ——> kugou_Shape of You...
2021-10-20 14:46:32 INFO     正在从yiting下载 ——> yiting_Ed Sheeran - I See Fire...
2021-10-20 14:46:33 INFO     成功从yiting下载到了 ——> yiting_Ed Sheeran - I See Fire...
2021-10-20 14:46:33 INFO     正在从yiting下载 ——> yiting_Ed Sheeran - I See Fire...
2021-10-20 14:46:34 INFO     成功从yiting下载到了 ——> yiting_Ed Sheeran - I See Fire...
2021-10-20 14:46:34 INFO     正在从yiting下载 ——> yiting_Ed Sheeran - I See Fire...
2021-10-20 14:46:35 INFO     成功从yiting下载到了 ——> yiting_Ed Sheeran - I See Fire...
2021-10-20 14:46:35 INFO     正在从kugou下载 ——> kugou_Shape of You...
2021-10-20 14:46:35 INFO     无法从kugou下载 ——> kugou_Shape of You...
2021-10-20 14:46:35 INFO     正在从kugou下载 ——> kugou_Perfect...
2021-10-20 14:46:35 INFO     无法从kugou下载 ——> kugou_Perfect...
2021-10-20 14:46:35 INFO     正在从yiting下载 ——> yiting_I See Fire (performed by Ed Sheeran)...
2021-10-20 14:46:37 INFO     成功从yiting下载到了 ——> yiting_I See Fire (performed by Ed Sheeran)...
2021-10-20 14:46:37 INFO     正在从kuwo下载 ——> kuwo_Shape&nbsp;Of&nbsp;You&nbsp;(FTampa&nbsp;Remix)...
2021-10-20 14:46:38 INFO     成功从kuwo下载到了 ——> kuwo_Shape&nbsp;Of&nbsp;You&nbsp;(FTampa&nbsp;Remix)...
2021-10-20 14:46:38 INFO     正在从yiting下载 ——> yiting_Ed Sheeran - I See Fire...
2021-10-20 14:46:40 INFO     成功从yiting下载到了 ——> yiting_Ed Sheeran - I See Fire...
2021-10-20 14:46:40 INFO     正在从yiting下载 ——> yiting_Ed Sheeran - I See Fire...
2021-10-20 14:46:41 INFO     成功从yiting下载到了 ——> yiting_Ed Sheeran - I See Fire...
2021-10-20 14:46:41 INFO     正在从yiting下载 ——> yiting_Ed Sheeran - I See Fire...
2021-10-20 14:46:43 INFO     成功从yiting下载到了 ——> yiting_Ed Sheeran - I See Fire...
2021-10-20 14:46:43 INFO     正在从kugou下载 ——> kugou_Shape of You...
2021-10-20 14:46:43 INFO     无法从kugou下载 ——> kugou_Shape of You...
2021-10-20 14:46:43 INFO     正在从kugou下载 ——> kugou_Perfect...
2021-10-20 14:46:43 INFO     无法从kugou下载 ——> kugou_Perfect...
2021-10-20 14:46:43 INFO     正在从kugou下载 ——> kugou_Galway Girl...
2021-10-20 14:46:43 INFO     无法从kugou下载 ——> kugou_Galway Girl...
2021-10-20 14:46:43 INFO     正在从kuwo下载 ——> kuwo_Galway&nbsp;Girl...
2021-10-20 14:46:44 INFO     成功从kuwo下载到了 ——> kuwo_Galway&nbsp;Girl...
2021-10-20 14:46:44 INFO     正在从yiting下载 ——> yiting_Ed Sheeran - I See Fire...
2021-10-20 14:46:46 INFO     成功从yiting下载到了 ——> yiting_Ed Sheeran - I See Fire...
2021-10-20 14:46:46 INFO     正在从yiting下载 ——> yiting_Ed Sheeran - I See Fire...
2021-10-20 14:46:47 INFO     成功从yiting下载到了 ——> yiting_Ed Sheeran - I See Fire...
2021-10-20 14:46:47 INFO     正在从yiting下载 ——> yiting_Ed Sheeran - I See Fire...
2021-10-20 14:46:48 INFO     成功从yiting下载到了 ——> yiting_Ed Sheeran - I See Fire...
2021-10-20 14:46:48 INFO     正在从qianqian下载 ——> qianqian_Lay It All On Me (feat. Ed Sheeran)...
2021-10-20 14:46:49 INFO     无法从qianqian下载 ——> qianqian_Lay It All On Me (feat. Ed Sheeran)...
2021-10-20 14:46:49 INFO     正在从kugou下载 ——> kugou_Perfect...
2021-10-20 14:46:49 INFO     无法从kugou下载 ——> kugou_Perfect...
2021-10-20 14:46:49 INFO     正在从yiting下载 ——> yiting_Ed Sheeran - I See Fire...
2021-10-20 14:46:51 INFO     成功从yiting下载到了 ——> yiting_Ed Sheeran - I See Fire...
2021-10-20 14:46:51 INFO     正在从yiting下载 ——> yiting_I See Fire (performed by Ed Sheeran)...
2021-10-20 14:46:52 INFO     成功从yiting下载到了 ——> yiting_I See Fire (performed by Ed Sheeran)...
2021-10-20 14:46:52 INFO     正在从yiting下载 ——> yiting_Ed Sheeran - I See Fire...
2021-10-20 14:46:53 INFO     成功从yiting下载到了 ——> yiting_Ed Sheeran - I See Fire...
2021-10-20 14:46:53 INFO     正在从yiting下载 ——> yiting_Ed Sheeran - I See Fire...
2021-10-20 14:46:55 INFO     成功从yiting下载到了 ——> yiting_Ed Sheeran - I See Fire...
2021-10-20 14:46:55 INFO     正在从yiting下载 ——> yiting_Ed Sheeran - I See Fire...
2021-10-20 14:46:56 INFO     成功从yiting下载到了 ——> yiting_Ed Sheeran - I See Fire...
2021-10-20 14:46:56 INFO     正在从yiting下载 ——> yiting_Ed Sheeran - I See Fire...
2021-10-20 14:46:57 INFO     成功从yiting下载到了 ——> yiting_Ed Sheeran - I See Fire...
2021-10-20 14:46:57 INFO     正在从kugou下载 ——> kugou_Galway Girl...
2021-10-20 14:46:57 INFO     无法从kugou下载 ——> kugou_Galway Girl...
2021-10-20 14:46:57 INFO     正在从qianqian下载 ——> qianqian_Lay It All On Me (feat. Ed Sheeran)...
2021-10-20 14:46:58 INFO     无法从qianqian下载 ——> qianqian_Lay It All On Me (feat. Ed Sheeran)...
2021-10-20 14:46:58 INFO     正在从kugou下载 ——> kugou_Shape of You...
2021-10-20 14:46:58 INFO     无法从kugou下载 ——> kugou_Shape of You...
2021-10-20 14:46:58 INFO     正在从yiting下载 ——> yiting_I See Fire (performed by Ed Sheeran)...
2021-10-20 14:46:59 INFO     成功从yiting下载到了 ——> yiting_I See Fire (performed by Ed Sheeran)...
2021-10-20 14:46:59 INFO     正在从yiting下载 ——> yiting_I See Fire (performed by Ed Sheeran)...
2021-10-20 14:47:00 INFO     成功从yiting下载到了 ——> yiting_I See Fire (performed by Ed Sheeran)...
2021-10-20 14:47:00 INFO     正在从yiting下载 ——> yiting_Ed Sheeran - I See Fire...
2021-10-20 14:47:02 INFO     成功从yiting下载到了 ——> yiting_Ed Sheeran - I See Fire...
2021-10-20 14:47:02 INFO     正在从yiting下载 ——> yiting_Ed Sheeran - I See Fire...
2021-10-20 14:47:03 INFO     成功从yiting下载到了 ——> yiting_Ed Sheeran - I See Fire...
2021-10-20 14:47:03 INFO     正在从yiting下载 ——> yiting_Ed Sheeran - I See Fire...
2021-10-20 14:47:05 INFO     成功从yiting下载到了 ——> yiting_Ed Sheeran - I See Fire...
2021-10-20 14:47:05 INFO     正在从kugou下载 ——> kugou_Shape of You...
2021-10-20 14:47:05 INFO     无法从kugou下载 ——> kugou_Shape of You...
2021-10-20 14:47:05 INFO     正在从kugou下载 ——> kugou_Perfect...
2021-10-20 14:47:05 INFO     无法从kugou下载 ——> kugou_Perfect...
2021-10-20 14:47:05 INFO     正在从kugou下载 ——> kugou_Shape of You...
2021-10-20 14:47:05 INFO     无法从kugou下载 ——> kugou_Shape of You...
2021-10-20 14:47:05 INFO     正在从yiting下载 ——> yiting_I See Fire (performed by Ed Sheeran)...
2021-10-20 14:47:06 INFO     成功从yiting下载到了 ——> yiting_I See Fire (performed by Ed Sheeran)...
2021-10-20 14:47:06 INFO     正在从qianqian下载 ——> qianqian_Lay It All On Me (feat. Ed Sheeran)...
2021-10-20 14:47:07 INFO     无法从qianqian下载 ——> qianqian_Lay It All On Me (feat. Ed Sheeran)...
2021-10-20 14:47:07 INFO     正在从yiting下载 ——> yiting_Ed Sheeran - I See Fire...
2021-10-20 14:47:09 INFO     成功从yiting下载到了 ——> yiting_Ed Sheeran - I See Fire...
2021-10-20 14:47:09 INFO     正在从yiting下载 ——> yiting_Ed Sheeran - I See Fire...
2021-10-20 14:47:10 INFO     成功从yiting下载到了 ——> yiting_Ed Sheeran - I See Fire...
2021-10-20 14:47:10 INFO     正在从yiting下载 ——> yiting_Ed Sheeran - I See Fire...
2021-10-20 14:47:11 INFO     成功从yiting下载到了 ——> yiting_Ed Sheeran - I See Fire...
2021-10-20 14:47:11 INFO     正在从kugou下载 ——> kugou_Shape of You...
2021-10-20 14:47:11 INFO     无法从kugou下载 ——> kugou_Shape of You...
2021-10-20 14:47:11 INFO     正在从qianqian下载 ——> qianqian_Lay It All On Me (feat. Ed Sheeran)...
2021-10-20 14:47:12 INFO     无法从qianqian下载 ——> qianqian_Lay It All On Me (feat. Ed Sheeran)...
2021-10-20 14:47:12 INFO     正在从kugou下载 ——> kugou_Bad Habits...
2021-10-20 14:47:13 INFO     无法从kugou下载 ——> kugou_Bad Habits...
2021-10-20 14:47:13 INFO     正在从yiting下载 ——> yiting_I See Fire (performed by Ed Sheeran)...
2021-10-20 14:47:14 INFO     成功从yiting下载到了 ——> yiting_I See Fire (performed by Ed Sheeran)...
2021-10-20 14:47:14 INFO     正在从kugou下载 ——> kugou_Shape of You...
2021-10-20 14:47:14 INFO     无法从kugou下载 ——> kugou_Shape of You...
2021-10-20 14:47:14 INFO     正在从kugou下载 ——> kugou_Shape of You...
2021-10-20 14:47:14 INFO     无法从kugou下载 ——> kugou_Shape of You...
2021-10-20 14:47:14 INFO     正在从yiting下载 ——> yiting_I See Fire (performed by Ed Sheeran)...
2021-10-20 14:47:15 INFO     成功从yiting下载到了 ——> yiting_I See Fire (performed by Ed Sheeran)...
2021-10-20 14:47:15 INFO     正在从kugou下载 ——> kugou_Bad Habits...
2021-10-20 14:47:15 INFO     无法从kugou下载 ——> kugou_Bad Habits...
2021-10-20 14:47:15 INFO     正在从yiting下载 ——> yiting_Ed Sheeran - I See Fire...
2021-10-20 14:47:17 INFO     成功从yiting下载到了 ——> yiting_Ed Sheeran - I See Fire...
2021-10-20 14:47:17 INFO     正在从yiting下载 ——> yiting_Ed Sheeran - I See Fire...
2021-10-20 14:47:18 INFO     成功从yiting下载到了 ——> yiting_Ed Sheeran - I See Fire...
2021-10-20 14:47:18 INFO     正在从yiting下载 ——> yiting_Ed Sheeran - I See Fire...
2021-10-20 14:47:19 INFO     成功从yiting下载到了 ——> yiting_Ed Sheeran - I See Fire...
2021-10-20 14:47:19 INFO     正在从kugou下载 ——> kugou_Shape of You...
2021-10-20 14:47:19 INFO     无法从kugou下载 ——> kugou_Shape of You...
2021-10-20 14:47:19 INFO     正在从qianqian下载 ——> qianqian_Lay It All On Me (feat. Ed Sheeran)...
2021-10-20 14:47:21 INFO     无法从qianqian下载 ——> qianqian_Lay It All On Me (feat. Ed Sheeran)...
2021-10-20 14:47:21 INFO     正在从kugou下载 ——> kugou_Bad Habits...
2021-10-20 14:47:21 INFO     无法从kugou下载 ——> kugou_Bad Habits...
2021-10-20 14:47:21 INFO     正在从yiting下载 ——> yiting_I See Fire (performed by Ed Sheeran)...
2021-10-20 14:47:23 INFO     成功从yiting下载到了 ——> yiting_I See Fire (performed by Ed Sheeran)...
2021-10-20 14:47:23 INFO     正在从kugou下载 ——> kugou_Galway Girl...
2021-10-20 14:47:23 INFO     无法从kugou下载 ——> kugou_Galway Girl...
2021-10-20 14:47:23 INFO     正在从kugou下载 ——> kugou_Shape of You...
2021-10-20 14:47:23 INFO     无法从kugou下载 ——> kugou_Shape of You...
2021-10-20 14:47:23 INFO     正在从kugou下载 ——> kugou_Perfect...
2021-10-20 14:47:23 INFO     无法从kugou下载 ——> kugou_Perfect...
2021-10-20 14:47:23 INFO     正在从kugou下载 ——> kugou_Shape of You...
2021-10-20 14:47:23 INFO     无法从kugou下载 ——> kugou_Shape of You...
2021-10-20 14:47:23 INFO     正在从yiting下载 ——> yiting_Ed Sheeran - I See Fire...
2021-10-20 14:47:24 INFO     成功从yiting下载到了 ——> yiting_Ed Sheeran - I See Fire...
2021-10-20 14:47:24 INFO     正在从yiting下载 ——> yiting_Ed Sheeran - I See Fire...
2021-10-20 14:47:26 INFO     成功从yiting下载到了 ——> yiting_Ed Sheeran - I See Fire...
2021-10-20 14:47:26 INFO     正在从yiting下载 ——> yiting_Ed Sheeran - I See Fire...
2021-10-20 14:47:27 INFO     成功从yiting下载到了 ——> yiting_Ed Sheeran - I See Fire...
2021-10-20 14:47:27 INFO     正在从kugou下载 ——> kugou_Shape of You...
2021-10-20 14:47:27 INFO     无法从kugou下载 ——> kugou_Shape of You...
2021-10-20 14:47:27 INFO     正在从kugou下载 ——> kugou_Perfect...
2021-10-20 14:47:27 INFO     无法从kugou下载 ——> kugou_Perfect...
2021-10-20 14:47:27 INFO     正在从yiting下载 ——> yiting_I See Fire (performed by Ed Sheeran)...
2021-10-20 14:47:28 INFO     成功从yiting下载到了 ——> yiting_I See Fire (performed by Ed Sheeran)...
2021-10-20 14:47:28 INFO     正在从yiting下载 ——> yiting_I See Fire (performed by Ed Sheeran)...
2021-10-20 14:47:29 INFO     成功从yiting下载到了 ——> yiting_I See Fire (performed by Ed Sheeran)...
2021-10-20 14:47:29 INFO     正在从kugou下载 ——> kugou_Perfect...
2021-10-20 14:47:29 INFO     无法从kugou下载 ——> kugou_Perfect...
2021-10-20 14:47:29 INFO     正在从kugou下载 ——> kugou_Shape of You...
2021-10-20 14:47:30 INFO     无法从kugou下载 ——> kugou_Shape of You...
2021-10-20 14:47:30 INFO     正在从qianqian下载 ——> qianqian_Lay It All On Me (feat. Ed Sheeran)...
2021-10-20 14:47:30 INFO     无法从qianqian下载 ——> qianqian_Lay It All On Me (feat. Ed Sheeran)...
2021-10-20 14:47:30 INFO     正在从kuwo下载 ——> kuwo_Galway&nbsp;Girl...
2021-10-20 14:47:32 INFO     成功从kuwo下载到了 ——> kuwo_Galway&nbsp;Girl...
2021-10-20 14:47:32 INFO     正在从yiting下载 ——> yiting_Ed Sheeran - I See Fire...
2021-10-20 14:47:33 INFO     成功从yiting下载到了 ——> yiting_Ed Sheeran - I See Fire...
2021-10-20 14:47:33 INFO     正在从yiting下载 ——> yiting_Ed Sheeran - I See Fire...
2021-10-20 14:47:34 INFO     成功从yiting下载到了 ——> yiting_Ed Sheeran - I See Fire...
2021-10-20 14:47:34 INFO     正在从yiting下载 ——> yiting_Ed Sheeran - I See Fire...
2021-10-20 14:47:35 INFO     成功从yiting下载到了 ——> yiting_Ed Sheeran - I See Fire...
2021-10-20 14:47:35 INFO     正在从kugou下载 ——> kugou_Shape of You...
2021-10-20 14:47:35 INFO     无法从kugou下载 ——> kugou_Shape of You...
2021-10-20 14:47:35 INFO     正在从kugou下载 ——> kugou_Shape of You...
2021-10-20 14:47:35 INFO     无法从kugou下载 ——> kugou_Shape of You...
2021-10-20 14:47:35 INFO     正在从kugou下载 ——> kugou_Perfect...
2021-10-20 14:47:35 INFO     无法从kugou下载 ——> kugou_Perfect...
2021-10-20 14:47:35 INFO     正在从yiting下载 ——> yiting_I See Fire (performed by Ed Sheeran)...
2021-10-20 14:47:37 INFO     成功从yiting下载到了 ——> yiting_I See Fire (performed by Ed Sheeran)...
2021-10-20 14:47:37 INFO     正在从kugou下载 ——> kugou_Shape of You (Yxng Bane Remix)...
2021-10-20 14:47:37 INFO     无法从kugou下载 ——> kugou_Shape of You (Yxng Bane Remix)...
2021-10-20 14:47:37 INFO     正在从kugou下载 ——> kugou_Shape of You...
2021-10-20 14:47:37 INFO     无法从kugou下载 ——> kugou_Shape of You...
2021-10-20 14:47:37 INFO     正在从kugou下载 ——> kugou_Perfect...
2021-10-20 14:47:37 INFO     无法从kugou下载 ——> kugou_Perfect...
2021-10-20 14:47:37 INFO     正在从kugou下载 ——> kugou_Bad Habits...
2021-10-20 14:47:37 INFO     无法从kugou下载 ——> kugou_Bad Habits...
2021-10-20 14:47:37 INFO     正在从yiting下载 ——> yiting_Ed Sheeran - I See Fire...
2021-10-20 14:47:38 INFO     成功从yiting下载到了 ——> yiting_Ed Sheeran - I See Fire...
2021-10-20 14:47:38 INFO     正在从yiting下载 ——> yiting_Ed Sheeran - I See Fire...
2021-10-20 14:47:39 INFO     成功从yiting下载到了 ——> yiting_Ed Sheeran - I See Fire...
2021-10-20 14:47:39 INFO     正在从yiting下载 ——> yiting_Ed Sheeran - I See Fire...
2021-10-20 14:47:40 INFO     成功从yiting下载到了 ——> yiting_Ed Sheeran - I See Fire...
2021-10-20 14:47:40 INFO     正在从kugou下载 ——> kugou_Shape of You...
2021-10-20 14:47:40 INFO     无法从kugou下载 ——> kugou_Shape of You...
2021-10-20 14:47:40 INFO     正在从kugou下载 ——> kugou_Perfect...
2021-10-20 14:47:40 INFO     无法从kugou下载 ——> kugou_Perfect...
2021-10-20 14:47:40 INFO     正在从kugou下载 ——> kugou_Shape of You...
2021-10-20 14:47:40 INFO     无法从kugou下载 ——> kugou_Shape of You...
2021-10-20 14:47:40 INFO     正在从yiting下载 ——> yiting_I See Fire (performed by Ed Sheeran)...
2021-10-20 14:47:42 INFO     成功从yiting下载到了 ——> yiting_I See Fire (performed by Ed Sheeran)...
2021-10-20 14:47:42 INFO     正在从kugou下载 ——> kugou_Bad Habits...
2021-10-20 14:47:42 INFO     无法从kugou下载 ——> kugou_Bad Habits...
2021-10-20 14:47:42 INFO     正在从kugou下载 ——> kugou_Galway Girl...
2021-10-20 14:47:42 INFO     无法从kugou下载 ——> kugou_Galway Girl...
2021-10-20 14:47:42 INFO     正在从yiting下载 ——> yiting_Ed Sheeran - I See Fire...
2021-10-20 14:47:43 INFO     成功从yiting下载到了 ——> yiting_Ed Sheeran - I See Fire...
2021-10-20 14:47:43 INFO     正在从qianqian下载 ——> qianqian_Lay It All On Me (feat. Ed Sheeran)...
2021-10-20 14:47:45 INFO     无法从qianqian下载 ——> qianqian_Lay It All On Me (feat. Ed Sheeran)...
2021-10-20 14:47:45 INFO     正在从yiting下载 ——> yiting_Ed Sheeran - I See Fire...
2021-10-20 14:47:46 INFO     成功从yiting下载到了 ——> yiting_Ed Sheeran - I See Fire...
2021-10-20 14:47:46 INFO     正在从yiting下载 ——> yiting_Ed Sheeran - I See Fire...
2021-10-20 14:47:47 INFO     成功从yiting下载到了 ——> yiting_Ed Sheeran - I See Fire...
2021-10-20 14:47:47 INFO     正在从yiting下载 ——> yiting_Ed Sheeran - I See Fire...
2021-10-20 14:47:49 INFO     成功从yiting下载到了 ——> yiting_Ed Sheeran - I See Fire...
2021-10-20 14:47:49 INFO     正在从kugou下载 ——> kugou_Galway Girl...
2021-10-20 14:47:49 INFO     无法从kugou下载 ——> kugou_Galway Girl...
2021-10-20 14:47:49 INFO     正在从qianqian下载 ——> qianqian_Lay It All On Me (feat. Ed Sheeran)...
2021-10-20 14:47:57 INFO     无法从qianqian下载 ——> qianqian_Lay It All On Me (feat. Ed Sheeran)...
2021-10-20 14:47:57 INFO     正在从kugou下载 ——> kugou_Shape of You...
2021-10-20 14:47:57 INFO     无法从kugou下载 ——> kugou_Shape of You...
2021-10-20 14:47:57 INFO     正在从yiting下载 ——> yiting_I See Fire (performed by Ed Sheeran)...
2021-10-20 14:47:58 INFO     成功从yiting下载到了 ——> yiting_I See Fire (performed by Ed Sheeran)...
2021-10-20 14:47:58 INFO     正在从kuwo下载 ——> kuwo_Shape&nbsp;Of&nbsp;You&nbsp;(FTampa&nbsp;Remix)...
2021-10-20 14:48:01 INFO     成功从kuwo下载到了 ——> kuwo_Shape&nbsp;Of&nbsp;You&nbsp;(FTampa&nbsp;Remix)...
2021-10-20 14:48:01 INFO     正在从kugou下载 ——> kugou_Bad Habits...
2021-10-20 14:48:01 INFO     无法从kugou下载 ——> kugou_Bad Habits...
2021-10-20 14:48:01 INFO     正在从kuwo下载 ——> kuwo_Galway&nbsp;Girl...
2021-10-20 14:48:02 INFO     成功从kuwo下载到了 ——> kuwo_Galway&nbsp;Girl...
2021-10-20 14:48:02 INFO     正在从kugou下载 ——> kugou_Shape of You...
2021-10-20 14:48:02 INFO     无法从kugou下载 ——> kugou_Shape of You...
2021-10-20 14:48:02 INFO     正在从yiting下载 ——> yiting_I See Fire (performed by Ed Sheeran)...
2021-10-20 14:48:04 INFO     成功从yiting下载到了 ——> yiting_I See Fire (performed by Ed Sheeran)...
2021-10-20 14:48:04 INFO     正在从kuwo下载 ——> kuwo_Galway&nbsp;Girl...
2021-10-20 14:48:05 INFO     成功从kuwo下载到了 ——> kuwo_Galway&nbsp;Girl...
2021-10-20 14:48:05 INFO     正在从kuwo下载 ——> kuwo_Shape&nbsp;Of&nbsp;You&nbsp;(FTampa&nbsp;Remix)...
2021-10-20 14:48:06 INFO     成功从kuwo下载到了 ——> kuwo_Shape&nbsp;Of&nbsp;You&nbsp;(FTampa&nbsp;Remix)...
2021-10-20 14:48:06 INFO     正在从kuwo下载 ——> kuwo_Shape&nbsp;Of&nbsp;You&nbsp;(FTampa&nbsp;Remix)...
2021-10-20 14:48:08 INFO     成功从kuwo下载到了 ——> kuwo_Shape&nbsp;Of&nbsp;You&nbsp;(FTampa&nbsp;Remix)...
2021-10-20 14:48:08 INFO     正在从qianqian下载 ——> qianqian_Lay It All On Me (feat. Ed Sheeran)...
2021-10-20 14:48:09 INFO     无法从qianqian下载 ——> qianqian_Lay It All On Me (feat. Ed Sheeran)...
2021-10-20 14:48:09 INFO     正在从qianqian下载 ——> qianqian_Lay It All On Me (feat. Ed Sheeran)...
2021-10-20 14:48:10 INFO     无法从qianqian下载 ——> qianqian_Lay It All On Me (feat. Ed Sheeran)...
2021-10-20 14:48:10 INFO     正在从yiting下载 ——> yiting_Ed Sheeran - I See Fire...
2021-10-20 14:48:11 INFO     成功从yiting下载到了 ——> yiting_Ed Sheeran - I See Fire...
2021-10-20 14:48:11 INFO     正在从kuwo下载 ——> kuwo_Shape&nbsp;Of&nbsp;You&nbsp;(FTampa&nbsp;Remix)...
2021-10-20 14:48:13 INFO     成功从kuwo下载到了 ——> kuwo_Shape&nbsp;Of&nbsp;You&nbsp;(FTampa&nbsp;Remix)...
2021-10-20 14:48:13 INFO     正在从qianqian下载 ——> qianqian_Lay It All On Me (feat. Ed Sheeran)...
2021-10-20 14:48:14 INFO     无法从qianqian下载 ——> qianqian_Lay It All On Me (feat. Ed Sheeran)...
2021-10-20 14:48:14 INFO     正在从qianqian下载 ——> qianqian_Lay It All On Me (feat. Ed Sheeran)...
2021-10-20 14:48:16 INFO     无法从qianqian下载 ——> qianqian_Lay It All On Me (feat. Ed Sheeran)...
2021-10-20 14:48:16 INFO     正在从qianqian下载 ——> qianqian_Lay It All On Me (feat. Ed Sheeran)...
2021-10-20 14:48:18 INFO     无法从qianqian下载 ——> qianqian_Lay It All On Me (feat. Ed Sheeran)...
2021-10-20 14:48:18 INFO     正在从yiting下载 ——> yiting_I See Fire (performed by Ed Sheeran)...
2021-10-20 14:48:20 INFO     成功从yiting下载到了 ——> yiting_I See Fire (performed by Ed Sheeran)...
2021-10-20 14:48:20 INFO     正在从kuwo下载 ——> kuwo_Shape&nbsp;Of&nbsp;You&nbsp;(FTampa&nbsp;Remix)...
2021-10-20 14:48:21 INFO     成功从kuwo下载到了 ——> kuwo_Shape&nbsp;Of&nbsp;You&nbsp;(FTampa&nbsp;Remix)...
2021-10-20 14:48:21 INFO     正在从kuwo下载 ——> kuwo_Shape&nbsp;Of&nbsp;You&nbsp;(FTampa&nbsp;Remix)...
2021-10-20 14:48:23 INFO     成功从kuwo下载到了 ——> kuwo_Shape&nbsp;Of&nbsp;You&nbsp;(FTampa&nbsp;Remix)...
2021-10-20 14:48:23 INFO     正在从qianqian下载 ——> qianqian_Lay It All On Me (feat. Ed Sheeran)...
2021-10-20 14:48:25 INFO     无法从qianqian下载 ——> qianqian_Lay It All On Me (feat. Ed Sheeran)...
2021-10-20 14:48:25 INFO     正在从qianqian下载 ——> qianqian_Lay It All On Me (feat. Ed Sheeran)...
2021-10-20 14:48:26 INFO     无法从qianqian下载 ——> qianqian_Lay It All On Me (feat. Ed Sheeran)...
2021-10-20 14:48:26 INFO     正在从qianqian下载 ——> qianqian_Lay It All On Me (feat. Ed Sheeran)...
2021-10-20 14:48:28 INFO     无法从qianqian下载 ——> qianqian_Lay It All On Me (feat. Ed Sheeran)...
2021-10-20 14:48:28 INFO     正在从yiting下载 ——> yiting_I See Fire (performed by Ed Sheeran)...
2021-10-20 14:48:29 INFO     成功从yiting下载到了 ——> yiting_I See Fire (performed by Ed Sheeran)...
2021-10-20 14:48:29 INFO     正在从kuwo下载 ——> kuwo_Galway&nbsp;Girl...
2021-10-20 14:48:30 INFO     成功从kuwo下载到了 ——> kuwo_Galway&nbsp;Girl...
2021-10-20 14:48:30 INFO     正在从qianqian下载 ——> qianqian_Lay It All On Me (feat. Ed Sheeran)...
2021-10-20 14:48:31 INFO     无法从qianqian下载 ——> qianqian_Lay It All On Me (feat. Ed Sheeran)...
2021-10-20 14:48:31 INFO     正在从kuwo下载 ——> kuwo_Shape&nbsp;Of&nbsp;You&nbsp;(FTampa&nbsp;Remix)...
2021-10-20 14:48:33 INFO     成功从kuwo下载到了 ——> kuwo_Shape&nbsp;Of&nbsp;You&nbsp;(FTampa&nbsp;Remix)...
2021-10-20 14:48:33 INFO     正在从qianqian下载 ——> qianqian_Lay It All On Me (feat. Ed Sheeran)...
2021-10-20 14:48:34 INFO     无法从qianqian下载 ——> qianqian_Lay It All On Me (feat. Ed Sheeran)...
2021-10-20 14:48:34 INFO     正在从kugou下载 ——> kugou_Shape of You...
2021-10-20 14:48:34 INFO     无法从kugou下载 ——> kugou_Shape of You...
2021-10-20 14:48:34 INFO     正在从kugou下载 ——> kugou_Galway Girl...
2021-10-20 14:48:34 INFO     无法从kugou下载 ——> kugou_Galway Girl...
2021-10-20 14:48:34 INFO     正在从yiting下载 ——> yiting_Ed Sheeran - I See Fire...
2021-10-20 14:48:35 INFO     成功从yiting下载到了 ——> yiting_Ed Sheeran - I See Fire...
2021-10-20 14:48:35 INFO     正在从qianqian下载 ——> qianqian_Lay It All On Me (feat. Ed Sheeran)...
2021-10-20 14:48:36 INFO     无法从qianqian下载 ——> qianqian_Lay It All On Me (feat. Ed Sheeran)...
2021-10-20 14:48:36 INFO     正在从yiting下载 ——> yiting_Ed Sheeran - I See Fire...
2021-10-20 14:48:38 INFO     成功从yiting下载到了 ——> yiting_Ed Sheeran - I See Fire...
2021-10-20 14:48:38 INFO     正在从yiting下载 ——> yiting_Ed Sheeran - I See Fire...
2021-10-20 14:48:40 INFO     成功从yiting下载到了 ——> yiting_Ed Sheeran - I See Fire...
2021-10-20 14:48:40 INFO     正在从yiting下载 ——> yiting_Ed Sheeran - I See Fire...
2021-10-20 14:48:41 INFO     成功从yiting下载到了 ——> yiting_Ed Sheeran - I See Fire...
2021-10-20 14:48:41 INFO     正在从kugou下载 ——> kugou_Galway Girl...
2021-10-20 14:48:41 INFO     无法从kugou下载 ——> kugou_Galway Girl...
2021-10-20 14:48:41 INFO     正在从qianqian下载 ——> qianqian_Lay It All On Me (feat. Ed Sheeran)...
2021-10-20 14:48:42 INFO     无法从qianqian下载 ——> qianqian_Lay It All On Me (feat. Ed Sheeran)...
2021-10-20 14:48:42 INFO     正在从kugou下载 ——> kugou_Shape of You...
2021-10-20 14:48:42 INFO     无法从kugou下载 ——> kugou_Shape of You...
2021-10-20 14:48:42 INFO     正在从qianqian下载 ——> qianqian_Lay It All On Me (feat. Ed Sheeran)...
2021-10-20 14:48:43 INFO     无法从qianqian下载 ——> qianqian_Lay It All On Me (feat. Ed Sheeran)...
2021-10-20 14:48:43 INFO     正在从kugou下载 ——> kugou_Galway Girl...
2021-10-20 14:48:43 INFO     无法从kugou下载 ——> kugou_Galway Girl...
2021-10-20 14:48:43 INFO     正在从kugou下载 ——> kugou_Shape of You...
2021-10-20 14:48:43 INFO     无法从kugou下载 ——> kugou_Shape of You...
2021-10-20 14:48:43 INFO     正在从kugou下载 ——> kugou_Perfect...
2021-10-20 14:48:43 INFO     无法从kugou下载 ——> kugou_Perfect...
2021-10-20 14:48:43 INFO     正在从kugou下载 ——> kugou_Shape of You...
2021-10-20 14:48:43 INFO     无法从kugou下载 ——> kugou_Shape of You...
2021-10-20 14:48:43 INFO     正在从yiting下载 ——> yiting_Ed Sheeran - I See Fire...
2021-10-20 14:48:45 INFO     成功从yiting下载到了 ——> yiting_Ed Sheeran - I See Fire...
2021-10-20 14:48:45 INFO     正在从yiting下载 ——> yiting_Ed Sheeran - I See Fire...
2021-10-20 14:48:46 INFO     成功从yiting下载到了 ——> yiting_Ed Sheeran - I See Fire...
2021-10-20 14:48:46 INFO     正在从yiting下载 ——> yiting_Ed Sheeran - I See Fire...
2021-10-20 14:48:47 INFO     成功从yiting下载到了 ——> yiting_Ed Sheeran - I See Fire...
2021-10-20 14:48:47 INFO     正在从kugou下载 ——> kugou_Shape of You...
2021-10-20 14:48:47 INFO     无法从kugou下载 ——> kugou_Shape of You...
2021-10-20 14:48:47 INFO     正在从kugou下载 ——> kugou_Perfect...
2021-10-20 14:48:47 INFO     无法从kugou下载 ——> kugou_Perfect...
2021-10-20 14:48:47 INFO     正在从yiting下载 ——> yiting_I See Fire (performed by Ed Sheeran)...
2021-10-20 14:48:48 INFO     成功从yiting下载到了 ——> yiting_I See Fire (performed by Ed Sheeran)...
2021-10-20 14:48:48 INFO     正在从qianqian下载 ——> qianqian_Lay It All On Me (feat. Ed Sheeran)...
2021-10-20 14:48:49 INFO     无法从qianqian下载 ——> qianqian_Lay It All On Me (feat. Ed Sheeran)...
2021-10-20 14:48:49 INFO     正在从kugou下载 ——> kugou_Perfect...
2021-10-20 14:48:49 INFO     无法从kugou下载 ——> kugou_Perfect...
2021-10-20 14:48:49 INFO     正在从kugou下载 ——> kugou_Galway Girl...
2021-10-20 14:48:49 INFO     无法从kugou下载 ——> kugou_Galway Girl...
2021-10-20 14:48:49 INFO     正在从kugou下载 ——> kugou_Shape of You...
2021-10-20 14:48:49 INFO     无法从kugou下载 ——> kugou_Shape of You...
2021-10-20 14:48:49 INFO     正在从yiting下载 ——> yiting_Ed Sheeran - I See Fire...
2021-10-20 14:48:51 INFO     成功从yiting下载到了 ——> yiting_Ed Sheeran - I See Fire...
2021-10-20 14:48:51 INFO     正在从yiting下载 ——> yiting_Ed Sheeran - I See Fire...
2021-10-20 14:48:52 INFO     成功从yiting下载到了 ——> yiting_Ed Sheeran - I See Fire...
2021-10-20 14:48:52 INFO     正在从yiting下载 ——> yiting_Ed Sheeran - I See Fire...
2021-10-20 14:48:53 INFO     成功从yiting下载到了 ——> yiting_Ed Sheeran - I See Fire...
2021-10-20 14:48:53 INFO     正在从kugou下载 ——> kugou_Galway Girl...
2021-10-20 14:48:53 INFO     无法从kugou下载 ——> kugou_Galway Girl...
2021-10-20 14:48:53 INFO     正在从kugou下载 ——> kugou_Galway Girl...
2021-10-20 14:48:53 INFO     无法从kugou下载 ——> kugou_Galway Girl...
2021-10-20 14:48:53 INFO     正在从yiting下载 ——> yiting_I See Fire (performed by Ed Sheeran)...
2021-10-20 14:48:55 INFO     成功从yiting下载到了 ——> yiting_I See Fire (performed by Ed Sheeran)...
2021-10-20 14:48:55 INFO     正在从qianqian下载 ——> qianqian_Lay It All On Me (feat. Ed Sheeran)...
2021-10-20 14:48:57 INFO     无法从qianqian下载 ——> qianqian_Lay It All On Me (feat. Ed Sheeran)...
2021-10-20 14:48:57 INFO     正在从kugou下载 ——> kugou_Shape of You (Yxng Bane Remix)...
2021-10-20 14:48:57 INFO     无法从kugou下载 ——> kugou_Shape of You (Yxng Bane Remix)...
2021-10-20 14:48:57 INFO     正在从kugou下载 ——> kugou_Shape of You...
2021-10-20 14:48:57 INFO     无法从kugou下载 ——> kugou_Shape of You...
2021-10-20 14:48:57 INFO     正在从kuwo下载 ——> kuwo_Galway&nbsp;Girl...
2021-10-20 14:48:58 INFO     成功从kuwo下载到了 ——> kuwo_Galway&nbsp;Girl...
2021-10-20 14:48:58 INFO     正在从kugou下载 ——> kugou_Perfect...
2021-10-20 14:48:58 INFO     无法从kugou下载 ——> kugou_Perfect...
2021-10-20 14:48:58 INFO     正在从yiting下载 ——> yiting_Ed Sheeran - I See Fire...
2021-10-20 14:48:59 INFO     成功从yiting下载到了 ——> yiting_Ed Sheeran - I See Fire...
2021-10-20 14:48:59 INFO     正在从yiting下载 ——> yiting_Ed Sheeran - I See Fire...
2021-10-20 14:49:01 INFO     成功从yiting下载到了 ——> yiting_Ed Sheeran - I See Fire...
2021-10-20 14:49:01 INFO     正在从yiting下载 ——> yiting_Ed Sheeran - I See Fire...
2021-10-20 14:49:02 INFO     成功从yiting下载到了 ——> yiting_Ed Sheeran - I See Fire...
2021-10-20 14:49:02 INFO     正在从kugou下载 ——> kugou_Galway Girl...
2021-10-20 14:49:02 INFO     无法从kugou下载 ——> kugou_Galway Girl...
2021-10-20 14:49:02 INFO     正在从yiting下载 ——> yiting_I See Fire (performed by Ed Sheeran)...
2021-10-20 14:49:03 INFO     成功从yiting下载到了 ——> yiting_I See Fire (performed by Ed Sheeran)...
2021-10-20 14:49:03 INFO     正在从kuwo下载 ——> kuwo_Galway&nbsp;Girl...
2021-10-20 14:49:05 INFO     成功从kuwo下载到了 ——> kuwo_Galway&nbsp;Girl...
